Using pre-set license
Built from '2021.3/staging' branch; Version is '2021.3.32f1 (3b9dae9532f5) revision 3906990'; Using compiler version '192829333'; Build Type 'Release'
OS: 'Windows 11  (10.0.22631) 64bit CoreSingleLanguage' Language: 'en' Physical Memory: 16145 MB
BatchMode: 1, IsHumanControllingUs: 0, StartBugReporterOnCrash: 0, Is64bit: 1, IsPro: 1

COMMAND LINE ARGUMENTS:
D:\Program Files\Unity\Hub\Editor\2021.3.32f1\Editor\Unity.exe
-adb2
-batchMode
-noUpm
-name
AssetImportWorker2
-projectPath
D:/Git/GothicVania
-logFile
Logs/AssetImportWorker2.log
-srvPort
50607
Successfully changed project path to: D:/Git/GothicVania
D:/Git/GothicVania
[UnityMemory] Configuration Parameters - Can be set up in boot.config
    "memorysetup-bucket-allocator-granularity=16"
    "memorysetup-bucket-allocator-bucket-count=8"
    "memorysetup-bucket-allocator-block-size=33554432"
    "memorysetup-bucket-allocator-block-count=8"
    "memorysetup-main-allocator-block-size=16777216"
    "memorysetup-thread-allocator-block-size=16777216"
    "memorysetup-gfx-main-allocator-block-size=16777216"
    "memorysetup-gfx-thread-allocator-block-size=16777216"
    "memorysetup-cache-allocator-block-size=4194304"
    "memorysetup-typetree-allocator-block-size=2097152"
    "memorysetup-profiler-bucket-allocator-granularity=16"
    "memorysetup-profiler-bucket-allocator-bucket-count=8"
    "memorysetup-profiler-bucket-allocator-block-size=33554432"
    "memorysetup-profiler-bucket-allocator-block-count=8"
    "memorysetup-profiler-allocator-block-size=16777216"
    "memorysetup-profiler-editor-allocator-block-size=1048576"
    "memorysetup-temp-allocator-size-main=16777216"
    "memorysetup-job-temp-allocator-block-size=2097152"
    "memorysetup-job-temp-allocator-block-size-background=1048576"
    "memorysetup-job-temp-allocator-reduction-small-platforms=262144"
    "memorysetup-temp-allocator-size-background-worker=32768"
    "memorysetup-temp-allocator-size-job-worker=262144"
    "memorysetup-temp-allocator-size-preload-manager=33554432"
    "memorysetup-temp-allocator-size-nav-mesh-worker=65536"
    "memorysetup-temp-allocator-size-audio-worker=65536"
    "memorysetup-temp-allocator-size-cloud-worker=32768"
    "memorysetup-temp-allocator-size-gi-baking-worker=262144"
    "memorysetup-temp-allocator-size-gfx=262144"
Player connection [14908] Host "[IP] 192.168.5.101 [Port] 0 [Flags] 2 [Guid] 3814015731 [EditorId] 3814015731 [Version] 1048832 [Id] WindowsEditor(7,DESKTOP-19KQMBD) [Debug] 1 [PackageName] WindowsEditor [ProjectName] Editor" joined multi-casting on [225.0.0.222:54997]...

Player connection [14908] Host "[IP] 192.168.5.101 [Port] 0 [Flags] 2 [Guid] 3814015731 [EditorId] 3814015731 [Version] 1048832 [Id] WindowsEditor(7,DESKTOP-19KQMBD) [Debug] 1 [PackageName] WindowsEditor [ProjectName] Editor" joined alternative multi-casting on [225.0.0.222:34997]...

[Physics::Module] Initialized MultithreadedJobDispatcher with {0} workers.
Refreshing native plugins compatible for Editor in 139.22 ms, found 4 plugins.
Preloading 0 native plugins for Editor in 0.00 ms.
Initialize engine version: 2021.3.32f1 (3b9dae9532f5)
[Subsystems] Discovering subsystems at path D:/Program Files/Unity/Hub/Editor/2021.3.32f1/Editor/Data/Resources/UnitySubsystems
[Subsystems] Discovering subsystems at path D:/Git/GothicVania/Assets
GfxDevice: creating device client; threaded=0; jobified=0
Direct3D:
    Version:  Direct3D 11.0 [level 11.1]
    Renderer: NVIDIA GeForce GTX 1660 Ti (ID=0x2191)
    Vendor:   NVIDIA
    VRAM:     5979 MB
    Driver:   31.0.15.3209
Initialize mono
Mono path[0] = 'D:/Program Files/Unity/Hub/Editor/2021.3.32f1/Editor/Data/Managed'
Mono path[1] = 'D:/Program Files/Unity/Hub/Editor/2021.3.32f1/Editor/Data/MonoBleedingEdge/lib/mono/unityjit-win32'
Mono config path = 'D:/Program Files/Unity/Hub/Editor/2021.3.32f1/Editor/Data/MonoBleedingEdge/etc'
Using monoOptions --debugger-agent=transport=dt_socket,embedding=1,server=y,suspend=n,address=127.0.0.1:56636
Begin MonoManager ReloadAssembly
Registering precompiled unity dll's ...
Register platform support module: D:/Program Files/Unity/Hub/Editor/2021.3.32f1/Editor/Data/PlaybackEngines/WebGLSupport/UnityEditor.WebGL.Extensions.dll
Register platform support module: D:/Program Files/Unity/Hub/Editor/2021.3.32f1/Editor/Data/PlaybackEngines/WindowsStandaloneSupport/UnityEditor.WindowsStandalone.Extensions.dll
Registered in 0.003391 seconds.
Native extension for WindowsStandalone target not found
Native extension for WebGL target not found
Refreshing native plugins compatible for Editor in 97.51 ms, found 4 plugins.
Preloading 0 native plugins for Editor in 0.00 ms.
Mono: successfully reloaded assembly
- Completed reload, in  0.741 seconds
Domain Reload Profiling:
	ReloadAssembly (741ms)
		BeginReloadAssembly (109ms)
			ExecutionOrderSort (0ms)
			DisableScriptedObjects (0ms)
			BackupInstance (0ms)
			ReleaseScriptingObjects (0ms)
			CreateAndSetChildDomain (1ms)
		EndReloadAssembly (519ms)
			LoadAssemblies (109ms)
			RebuildTransferFunctionScriptingTraits (0ms)
			SetupTypeCache (159ms)
			ReleaseScriptCaches (0ms)
			RebuildScriptCaches (33ms)
			SetupLoadedEditorAssemblies (278ms)
				LogAssemblyErrors (0ms)
				InitializePlatformSupportModulesInManaged (8ms)
				SetLoadedEditorAssemblies (0ms)
				RefreshPlugins (98ms)
				BeforeProcessingInitializeOnLoad (1ms)
				ProcessInitializeOnLoadAttributes (123ms)
				ProcessInitializeOnLoadMethodAttributes (48ms)
				AfterProcessingInitializeOnLoad (0ms)
				EditorAssembliesLoaded (0ms)
			ExecutionOrderSort2 (0ms)
			AwakeInstancesAfterBackupRestoration (0ms)
Platform modules already initialized, skipping
Registering precompiled user dll's ...
Registered in 0.006768 seconds.
Begin MonoManager ReloadAssembly
Native extension for WindowsStandalone target not found
Native extension for WebGL target not found
Refreshing native plugins compatible for Editor in 101.33 ms, found 4 plugins.
Preloading 0 native plugins for Editor in 0.00 ms.
Package Manager log level set to [2]
[Package Manager] Server::EnsureServerProcessIsRunning -- launch failed, reason: Unity was launched with the -noUpm command-line argument
[Package Manager] Cannot connect to Unity Package Manager local server
Mono: successfully reloaded assembly
- Completed reload, in  2.214 seconds
Domain Reload Profiling:
	ReloadAssembly (2215ms)
		BeginReloadAssembly (146ms)
			ExecutionOrderSort (0ms)
			DisableScriptedObjects (8ms)
			BackupInstance (0ms)
			ReleaseScriptingObjects (0ms)
			CreateAndSetChildDomain (21ms)
		EndReloadAssembly (1958ms)
			LoadAssemblies (129ms)
			RebuildTransferFunctionScriptingTraits (0ms)
			SetupTypeCache (367ms)
			ReleaseScriptCaches (1ms)
			RebuildScriptCaches (133ms)
			SetupLoadedEditorAssemblies (1302ms)
				LogAssemblyErrors (0ms)
				InitializePlatformSupportModulesInManaged (5ms)
				SetLoadedEditorAssemblies (0ms)
				RefreshPlugins (101ms)
				BeforeProcessingInitializeOnLoad (113ms)
				ProcessInitializeOnLoadAttributes (1022ms)
				ProcessInitializeOnLoadMethodAttributes (57ms)
				AfterProcessingInitializeOnLoad (3ms)
				EditorAssembliesLoaded (0ms)
			ExecutionOrderSort2 (0ms)
			AwakeInstancesAfterBackupRestoration (6ms)
Platform modules already initialized, skipping
========================================================================
Worker process is ready to serve import requests
Launched and connected shader compiler UnityShaderCompiler.exe after 0.05 seconds
Refreshing native plugins compatible for Editor in 1.36 ms, found 4 plugins.
Preloading 0 native plugins for Editor in 0.00 ms.
Unloading 4403 Unused Serialized files (Serialized files now loaded: 0)
Unloading 64 unused Assets / (119.6 KB). Loaded Objects now: 4850.
Memory consumption went from 166.5 MB to 166.4 MB.
Total: 6.299300 ms (FindLiveObjects: 0.504200 ms CreateObjectMapping: 0.621200 ms MarkObjects: 5.013900 ms  DeleteObjects: 0.158700 ms)

AssetImportParameters requested are different than current active one (requested -> active):
  custom:video-decoder-ogg-theora: a1e56fd34408186e4bbccfd4996cb3dc -> 
  custom:container-muxer-webm: aa71ff27fc2769a1b78a27578f13a17b -> 
  custom:container-demuxer-webm: 4f35f7cbe854078d1ac9338744f61a02 -> 
  custom:video-encoder-webm-vp8: eb34c28f22e8b96e1ab97ce403110664 -> 
  custom:video-codec-MediaFoundation-h265: 746d11721c4dcdbdad8f713fa42b33f4 -> 
  custom:audio-encoder-webm-vorbis: bf7c407c2cedff20999df2af8eb42d56 -> 
  custom:framework-win-MediaFoundation: 216162199b28c13a410421893ffa2e32 -> 
  custom:container-demuxer-ogg: 62fdf1f143b41e24485cea50d1cbac27 -> 
  custom:video-decoder-webm-vp8: 9c59270c3fd7afecdb556c50c9e8de78 -> 
  custom:audio-decoder-ogg-vorbis: bf7c407c2cedff20999df2af8eb42d56 -> 
========================================================================
Received Import Request.
  Time since last request: 6531.808777 seconds.
  path: Assets/Sprites/tileset_8.asset
  artifactKey: Guid(be9b8da6119c1794595b0a0381c02176) Importer(815301076,1909f56bfc062723c751e8b465ee728b)
Number of updated assets reloaded before import = 0
Start importing Assets/Sprites/tileset_8.asset using Guid(be9b8da6119c1794595b0a0381c02176) Importer(815301076,1909f56bfc062723c751e8b465ee728b)  -> (artifact id: '4cfa11feff17a4e987563c0acfd79d6f') in 0.081107 seconds 
Number of asset objects unloaded after import = 3
========================================================================
Received Prepare
Registering precompiled user dll's ...
Registered in 0.006973 seconds.
Begin MonoManager ReloadAssembly
Native extension for WindowsStandalone target not found
Native extension for WebGL target not found
Refreshing native plugins compatible for Editor in 0.91 ms, found 4 plugins.
Preloading 0 native plugins for Editor in 0.00 ms.
[Package Manager] Server::EnsureServerProcessIsRunning -- launch failed, reason: Unity was launched with the -noUpm command-line argument
[Package Manager] Cannot connect to Unity Package Manager local server
Mono: successfully reloaded assembly
- Completed reload, in  1.727 seconds
Domain Reload Profiling:
	ReloadAssembly (1727ms)
		BeginReloadAssembly (178ms)
			ExecutionOrderSort (0ms)
			DisableScriptedObjects (7ms)
			BackupInstance (0ms)
			ReleaseScriptingObjects (0ms)
			CreateAndSetChildDomain (57ms)
		EndReloadAssembly (1461ms)
			LoadAssemblies (108ms)
			RebuildTransferFunctionScriptingTraits (0ms)
			SetupTypeCache (318ms)
			ReleaseScriptCaches (1ms)
			RebuildScriptCaches (49ms)
			SetupLoadedEditorAssemblies (979ms)
				LogAssemblyErrors (0ms)
				InitializePlatformSupportModulesInManaged (6ms)
				SetLoadedEditorAssemblies (0ms)
				RefreshPlugins (1ms)
				BeforeProcessingInitializeOnLoad (69ms)
				ProcessInitializeOnLoadAttributes (861ms)
				ProcessInitializeOnLoadMethodAttributes (40ms)
				AfterProcessingInitializeOnLoad (2ms)
				EditorAssembliesLoaded (0ms)
			ExecutionOrderSort2 (0ms)
			AwakeInstancesAfterBackupRestoration (7ms)
Platform modules already initialized, skipping
Refreshing native plugins compatible for Editor in 0.86 ms, found 4 plugins.
Preloading 0 native plugins for Editor in 0.00 ms.
Unloading 4392 Unused Serialized files (Serialized files now loaded: 0)
Unloading 39 unused Assets / (93.7 KB). Loaded Objects now: 4869.
Memory consumption went from 165.5 MB to 165.4 MB.
Total: 3.727300 ms (FindLiveObjects: 0.330900 ms CreateObjectMapping: 0.280800 ms MarkObjects: 3.061600 ms  DeleteObjects: 0.053200 ms)

AssetImportParameters requested are different than current active one (requested -> active):
  custom:video-decoder-ogg-theora: a1e56fd34408186e4bbccfd4996cb3dc -> 
  custom:container-muxer-webm: aa71ff27fc2769a1b78a27578f13a17b -> 
  custom:container-demuxer-webm: 4f35f7cbe854078d1ac9338744f61a02 -> 
  custom:video-encoder-webm-vp8: eb34c28f22e8b96e1ab97ce403110664 -> 
  custom:video-codec-MediaFoundation-h265: 746d11721c4dcdbdad8f713fa42b33f4 -> 
  custom:CustomObjectIndexerAttribute: bc11b3a6c3213fcdd17b65e7da85e133 -> 
  custom:audio-encoder-webm-vorbis: bf7c407c2cedff20999df2af8eb42d56 -> 
  custom:framework-win-MediaFoundation: 216162199b28c13a410421893ffa2e32 -> 
  custom:SearchIndexIgnoredProperties: e643bd26f0fe6173181afceb89e7c659 -> 
  custom:container-demuxer-ogg: 62fdf1f143b41e24485cea50d1cbac27 -> 
  custom:video-decoder-webm-vp8: 9c59270c3fd7afecdb556c50c9e8de78 -> 
  custom:audio-decoder-ogg-vorbis: bf7c407c2cedff20999df2af8eb42d56 -> 
========================================================================
Received Prepare
Registering precompiled user dll's ...
Registered in 0.008467 seconds.
Begin MonoManager ReloadAssembly
Native extension for WindowsStandalone target not found
Native extension for WebGL target not found
Refreshing native plugins compatible for Editor in 0.88 ms, found 4 plugins.
Preloading 0 native plugins for Editor in 0.00 ms.
[Package Manager] Server::EnsureServerProcessIsRunning -- launch failed, reason: Unity was launched with the -noUpm command-line argument
[Package Manager] Cannot connect to Unity Package Manager local server
Mono: successfully reloaded assembly
- Completed reload, in  1.657 seconds
Domain Reload Profiling:
	ReloadAssembly (1658ms)
		BeginReloadAssembly (149ms)
			ExecutionOrderSort (0ms)
			DisableScriptedObjects (7ms)
			BackupInstance (0ms)
			ReleaseScriptingObjects (0ms)
			CreateAndSetChildDomain (42ms)
		EndReloadAssembly (1415ms)
			LoadAssemblies (105ms)
			RebuildTransferFunctionScriptingTraits (0ms)
			SetupTypeCache (273ms)
			ReleaseScriptCaches (3ms)
			RebuildScriptCaches (52ms)
			SetupLoadedEditorAssemblies (962ms)
				LogAssemblyErrors (0ms)
				InitializePlatformSupportModulesInManaged (6ms)
				SetLoadedEditorAssemblies (0ms)
				RefreshPlugins (1ms)
				BeforeProcessingInitializeOnLoad (73ms)
				ProcessInitializeOnLoadAttributes (831ms)
				ProcessInitializeOnLoadMethodAttributes (48ms)
				AfterProcessingInitializeOnLoad (3ms)
				EditorAssembliesLoaded (0ms)
			ExecutionOrderSort2 (0ms)
			AwakeInstancesAfterBackupRestoration (7ms)
Platform modules already initialized, skipping
Refreshing native plugins compatible for Editor in 0.93 ms, found 4 plugins.
Preloading 0 native plugins for Editor in 0.00 ms.
Unloading 4391 Unused Serialized files (Serialized files now loaded: 0)
Unloading 39 unused Assets / (93.6 KB). Loaded Objects now: 4884.
Memory consumption went from 165.5 MB to 165.4 MB.
Total: 4.371700 ms (FindLiveObjects: 0.398400 ms CreateObjectMapping: 0.495500 ms MarkObjects: 3.403600 ms  DeleteObjects: 0.073500 ms)

AssetImportParameters requested are different than current active one (requested -> active):
  custom:video-decoder-ogg-theora: a1e56fd34408186e4bbccfd4996cb3dc -> 
  custom:container-muxer-webm: aa71ff27fc2769a1b78a27578f13a17b -> 
  custom:container-demuxer-webm: 4f35f7cbe854078d1ac9338744f61a02 -> 
  custom:video-encoder-webm-vp8: eb34c28f22e8b96e1ab97ce403110664 -> 
  custom:video-codec-MediaFoundation-h265: 746d11721c4dcdbdad8f713fa42b33f4 -> 
  custom:CustomObjectIndexerAttribute: bc11b3a6c3213fcdd17b65e7da85e133 -> 
  custom:audio-encoder-webm-vorbis: bf7c407c2cedff20999df2af8eb42d56 -> 
  custom:framework-win-MediaFoundation: 216162199b28c13a410421893ffa2e32 -> 
  custom:SearchIndexIgnoredProperties: e643bd26f0fe6173181afceb89e7c659 -> 
  custom:container-demuxer-ogg: 62fdf1f143b41e24485cea50d1cbac27 -> 
  custom:video-decoder-webm-vp8: 9c59270c3fd7afecdb556c50c9e8de78 -> 
  custom:audio-decoder-ogg-vorbis: bf7c407c2cedff20999df2af8eb42d56 -> 
========================================================================
Received Prepare
Registering precompiled user dll's ...
Registered in 0.006207 seconds.
Begin MonoManager ReloadAssembly
Native extension for WindowsStandalone target not found
Native extension for WebGL target not found
Refreshing native plugins compatible for Editor in 0.80 ms, found 4 plugins.
Preloading 0 native plugins for Editor in 0.00 ms.
[Package Manager] Server::EnsureServerProcessIsRunning -- launch failed, reason: Unity was launched with the -noUpm command-line argument
[Package Manager] Cannot connect to Unity Package Manager local server
Mono: successfully reloaded assembly
- Completed reload, in  1.624 seconds
Domain Reload Profiling:
	ReloadAssembly (1624ms)
		BeginReloadAssembly (149ms)
			ExecutionOrderSort (0ms)
			DisableScriptedObjects (8ms)
			BackupInstance (0ms)
			ReleaseScriptingObjects (0ms)
			CreateAndSetChildDomain (42ms)
		EndReloadAssembly (1388ms)
			LoadAssemblies (95ms)
			RebuildTransferFunctionScriptingTraits (0ms)
			SetupTypeCache (259ms)
			ReleaseScriptCaches (1ms)
			RebuildScriptCaches (52ms)
			SetupLoadedEditorAssemblies (960ms)
				LogAssemblyErrors (0ms)
				InitializePlatformSupportModulesInManaged (5ms)
				SetLoadedEditorAssemblies (0ms)
				RefreshPlugins (1ms)
				BeforeProcessingInitializeOnLoad (73ms)
				ProcessInitializeOnLoadAttributes (836ms)
				ProcessInitializeOnLoadMethodAttributes (42ms)
				AfterProcessingInitializeOnLoad (2ms)
				EditorAssembliesLoaded (0ms)
			ExecutionOrderSort2 (0ms)
			AwakeInstancesAfterBackupRestoration (6ms)
Platform modules already initialized, skipping
Refreshing native plugins compatible for Editor in 1.04 ms, found 4 plugins.
Preloading 0 native plugins for Editor in 0.00 ms.
Unloading 4391 Unused Serialized files (Serialized files now loaded: 0)
Unloading 39 unused Assets / (92.8 KB). Loaded Objects now: 4899.
Memory consumption went from 165.5 MB to 165.4 MB.
Total: 4.065300 ms (FindLiveObjects: 0.327500 ms CreateObjectMapping: 0.298900 ms MarkObjects: 3.398900 ms  DeleteObjects: 0.039200 ms)

AssetImportParameters requested are different than current active one (requested -> active):
  custom:video-decoder-ogg-theora: a1e56fd34408186e4bbccfd4996cb3dc -> 
  custom:container-muxer-webm: aa71ff27fc2769a1b78a27578f13a17b -> 
  custom:container-demuxer-webm: 4f35f7cbe854078d1ac9338744f61a02 -> 
  custom:video-encoder-webm-vp8: eb34c28f22e8b96e1ab97ce403110664 -> 
  custom:video-codec-MediaFoundation-h265: 746d11721c4dcdbdad8f713fa42b33f4 -> 
  custom:CustomObjectIndexerAttribute: bc11b3a6c3213fcdd17b65e7da85e133 -> 
  custom:audio-encoder-webm-vorbis: bf7c407c2cedff20999df2af8eb42d56 -> 
  custom:framework-win-MediaFoundation: 216162199b28c13a410421893ffa2e32 -> 
  custom:SearchIndexIgnoredProperties: e643bd26f0fe6173181afceb89e7c659 -> 
  custom:container-demuxer-ogg: 62fdf1f143b41e24485cea50d1cbac27 -> 
  custom:video-decoder-webm-vp8: 9c59270c3fd7afecdb556c50c9e8de78 -> 
  custom:audio-decoder-ogg-vorbis: bf7c407c2cedff20999df2af8eb42d56 -> 
========================================================================
Received Prepare
Registering precompiled user dll's ...
Registered in 0.011046 seconds.
Begin MonoManager ReloadAssembly
Native extension for WindowsStandalone target not found
Native extension for WebGL target not found
Refreshing native plugins compatible for Editor in 1.34 ms, found 4 plugins.
Preloading 0 native plugins for Editor in 0.00 ms.
[Package Manager] Server::EnsureServerProcessIsRunning -- launch failed, reason: Unity was launched with the -noUpm command-line argument
[Package Manager] Cannot connect to Unity Package Manager local server
Mono: successfully reloaded assembly
- Completed reload, in  1.647 seconds
Domain Reload Profiling:
	ReloadAssembly (1648ms)
		BeginReloadAssembly (152ms)
			ExecutionOrderSort (0ms)
			DisableScriptedObjects (7ms)
			BackupInstance (0ms)
			ReleaseScriptingObjects (0ms)
			CreateAndSetChildDomain (44ms)
		EndReloadAssembly (1404ms)
			LoadAssemblies (98ms)
			RebuildTransferFunctionScriptingTraits (0ms)
			SetupTypeCache (270ms)
			ReleaseScriptCaches (1ms)
			RebuildScriptCaches (56ms)
			SetupLoadedEditorAssemblies (962ms)
				LogAssemblyErrors (0ms)
				InitializePlatformSupportModulesInManaged (6ms)
				SetLoadedEditorAssemblies (1ms)
				RefreshPlugins (1ms)
				BeforeProcessingInitializeOnLoad (70ms)
				ProcessInitializeOnLoadAttributes (833ms)
				ProcessInitializeOnLoadMethodAttributes (49ms)
				AfterProcessingInitializeOnLoad (2ms)
				EditorAssembliesLoaded (0ms)
			ExecutionOrderSort2 (0ms)
			AwakeInstancesAfterBackupRestoration (7ms)
Platform modules already initialized, skipping
Refreshing native plugins compatible for Editor in 0.83 ms, found 4 plugins.
Preloading 0 native plugins for Editor in 0.00 ms.
Unloading 4391 Unused Serialized files (Serialized files now loaded: 0)
Unloading 39 unused Assets / (92.6 KB). Loaded Objects now: 4914.
Memory consumption went from 165.6 MB to 165.5 MB.
Total: 4.217900 ms (FindLiveObjects: 0.354500 ms CreateObjectMapping: 0.314400 ms MarkObjects: 3.505300 ms  DeleteObjects: 0.042400 ms)

AssetImportParameters requested are different than current active one (requested -> active):
  custom:video-decoder-ogg-theora: a1e56fd34408186e4bbccfd4996cb3dc -> 
  custom:container-muxer-webm: aa71ff27fc2769a1b78a27578f13a17b -> 
  custom:container-demuxer-webm: 4f35f7cbe854078d1ac9338744f61a02 -> 
  custom:video-encoder-webm-vp8: eb34c28f22e8b96e1ab97ce403110664 -> 
  custom:video-codec-MediaFoundation-h265: 746d11721c4dcdbdad8f713fa42b33f4 -> 
  custom:CustomObjectIndexerAttribute: bc11b3a6c3213fcdd17b65e7da85e133 -> 
  custom:audio-encoder-webm-vorbis: bf7c407c2cedff20999df2af8eb42d56 -> 
  custom:framework-win-MediaFoundation: 216162199b28c13a410421893ffa2e32 -> 
  custom:SearchIndexIgnoredProperties: e643bd26f0fe6173181afceb89e7c659 -> 
  custom:container-demuxer-ogg: 62fdf1f143b41e24485cea50d1cbac27 -> 
  custom:video-decoder-webm-vp8: 9c59270c3fd7afecdb556c50c9e8de78 -> 
  custom:audio-decoder-ogg-vorbis: bf7c407c2cedff20999df2af8eb42d56 -> 
========================================================================
Received Prepare
Registering precompiled user dll's ...
Registered in 0.005924 seconds.
Begin MonoManager ReloadAssembly
Native extension for WindowsStandalone target not found
Native extension for WebGL target not found
Refreshing native plugins compatible for Editor in 0.82 ms, found 4 plugins.
Preloading 0 native plugins for Editor in 0.00 ms.
[Package Manager] Server::EnsureServerProcessIsRunning -- launch failed, reason: Unity was launched with the -noUpm command-line argument
[Package Manager] Cannot connect to Unity Package Manager local server
Mono: successfully reloaded assembly
- Completed reload, in  1.648 seconds
Domain Reload Profiling:
	ReloadAssembly (1649ms)
		BeginReloadAssembly (149ms)
			ExecutionOrderSort (0ms)
			DisableScriptedObjects (7ms)
			BackupInstance (0ms)
			ReleaseScriptingObjects (0ms)
			CreateAndSetChildDomain (44ms)
		EndReloadAssembly (1410ms)
			LoadAssemblies (96ms)
			RebuildTransferFunctionScriptingTraits (0ms)
			SetupTypeCache (280ms)
			ReleaseScriptCaches (1ms)
			RebuildScriptCaches (54ms)
			SetupLoadedEditorAssemblies (950ms)
				LogAssemblyErrors (0ms)
				InitializePlatformSupportModulesInManaged (6ms)
				SetLoadedEditorAssemblies (0ms)
				RefreshPlugins (1ms)
				BeforeProcessingInitializeOnLoad (75ms)
				ProcessInitializeOnLoadAttributes (823ms)
				ProcessInitializeOnLoadMethodAttributes (41ms)
				AfterProcessingInitializeOnLoad (2ms)
				EditorAssembliesLoaded (0ms)
			ExecutionOrderSort2 (0ms)
			AwakeInstancesAfterBackupRestoration (7ms)
Platform modules already initialized, skipping
Refreshing native plugins compatible for Editor in 0.88 ms, found 4 plugins.
Preloading 0 native plugins for Editor in 0.00 ms.
Unloading 4391 Unused Serialized files (Serialized files now loaded: 0)
Unloading 39 unused Assets / (93.7 KB). Loaded Objects now: 4929.
Memory consumption went from 165.6 MB to 165.5 MB.
Total: 3.950800 ms (FindLiveObjects: 0.380600 ms CreateObjectMapping: 0.333400 ms MarkObjects: 3.163500 ms  DeleteObjects: 0.072100 ms)

AssetImportParameters requested are different than current active one (requested -> active):
  custom:video-decoder-ogg-theora: a1e56fd34408186e4bbccfd4996cb3dc -> 
  custom:container-muxer-webm: aa71ff27fc2769a1b78a27578f13a17b -> 
  custom:container-demuxer-webm: 4f35f7cbe854078d1ac9338744f61a02 -> 
  custom:video-encoder-webm-vp8: eb34c28f22e8b96e1ab97ce403110664 -> 
  custom:video-codec-MediaFoundation-h265: 746d11721c4dcdbdad8f713fa42b33f4 -> 
  custom:CustomObjectIndexerAttribute: bc11b3a6c3213fcdd17b65e7da85e133 -> 
  custom:audio-encoder-webm-vorbis: bf7c407c2cedff20999df2af8eb42d56 -> 
  custom:framework-win-MediaFoundation: 216162199b28c13a410421893ffa2e32 -> 
  custom:SearchIndexIgnoredProperties: e643bd26f0fe6173181afceb89e7c659 -> 
  custom:container-demuxer-ogg: 62fdf1f143b41e24485cea50d1cbac27 -> 
  custom:video-decoder-webm-vp8: 9c59270c3fd7afecdb556c50c9e8de78 -> 
  custom:audio-decoder-ogg-vorbis: bf7c407c2cedff20999df2af8eb42d56 -> 
========================================================================
Received Import Request.
  Time since last request: 2919.996119 seconds.
  path: Assets/Sprites/Rule Tiles/Dirt Rule Tile.asset
  artifactKey: Guid(7691f9dcda728d4419c4513ca604c710) Importer(815301076,1909f56bfc062723c751e8b465ee728b)
Number of updated assets reloaded before import = 0
Start importing Assets/Sprites/Rule Tiles/Dirt Rule Tile.asset using Guid(7691f9dcda728d4419c4513ca604c710) Importer(815301076,1909f56bfc062723c751e8b465ee728b)  -> (artifact id: 'fe13d26464ae4b34097e8958e656c889') in 0.079142 seconds 
Number of asset objects unloaded after import = 9
========================================================================
Received Import Request.
  Time since last request: 0.000040 seconds.
  path: Assets/Sprites/Rule Tiles/Ground Rule Tile.asset
  artifactKey: Guid(c33d5b0d8e92d044ab1b33bd7d71865a) Importer(815301076,1909f56bfc062723c751e8b465ee728b)
Number of updated assets reloaded before import = 0
Start importing Assets/Sprites/Rule Tiles/Ground Rule Tile.asset using Guid(c33d5b0d8e92d044ab1b33bd7d71865a) Importer(815301076,1909f56bfc062723c751e8b465ee728b)  -> (artifact id: 'd7603959f3aae2c5c481c3dca388e992') in 0.013171 seconds 
Number of asset objects unloaded after import = 10
========================================================================
Received Import Request.
  Time since last request: 189.997366 seconds.
  path: Assets/Sprites/Rule Tiles/Ground Rule Tile.asset
  artifactKey: Guid(c33d5b0d8e92d044ab1b33bd7d71865a) Importer(815301076,1909f56bfc062723c751e8b465ee728b)
Number of updated assets reloaded before import = 0
Start importing Assets/Sprites/Rule Tiles/Ground Rule Tile.asset using Guid(c33d5b0d8e92d044ab1b33bd7d71865a) Importer(815301076,1909f56bfc062723c751e8b465ee728b)  -> (artifact id: '24c387376ec7a55c31aeed78facb620c') in 0.007180 seconds 
Number of asset objects unloaded after import = 10
========================================================================
Received Prepare
Registering precompiled user dll's ...
Registered in 0.010281 seconds.
Begin MonoManager ReloadAssembly
Native extension for WindowsStandalone target not found
Native extension for WebGL target not found
Refreshing native plugins compatible for Editor in 0.86 ms, found 4 plugins.
Preloading 0 native plugins for Editor in 0.00 ms.
[Package Manager] Server::EnsureServerProcessIsRunning -- launch failed, reason: Unity was launched with the -noUpm command-line argument
[Package Manager] Cannot connect to Unity Package Manager local server
Mono: successfully reloaded assembly
- Completed reload, in  1.650 seconds
Domain Reload Profiling:
	ReloadAssembly (1650ms)
		BeginReloadAssembly (161ms)
			ExecutionOrderSort (0ms)
			DisableScriptedObjects (7ms)
			BackupInstance (0ms)
			ReleaseScriptingObjects (0ms)
			CreateAndSetChildDomain (44ms)
		EndReloadAssembly (1398ms)
			LoadAssemblies (109ms)
			RebuildTransferFunctionScriptingTraits (0ms)
			SetupTypeCache (263ms)
			ReleaseScriptCaches (1ms)
			RebuildScriptCaches (53ms)
			SetupLoadedEditorAssemblies (964ms)
				LogAssemblyErrors (0ms)
				InitializePlatformSupportModulesInManaged (5ms)
				SetLoadedEditorAssemblies (0ms)
				RefreshPlugins (1ms)
				BeforeProcessingInitializeOnLoad (76ms)
				ProcessInitializeOnLoadAttributes (839ms)
				ProcessInitializeOnLoadMethodAttributes (40ms)
				AfterProcessingInitializeOnLoad (2ms)
				EditorAssembliesLoaded (0ms)
			ExecutionOrderSort2 (0ms)
			AwakeInstancesAfterBackupRestoration (8ms)
Platform modules already initialized, skipping
Refreshing native plugins compatible for Editor in 1.05 ms, found 4 plugins.
Preloading 0 native plugins for Editor in 0.00 ms.
Unloading 4391 Unused Serialized files (Serialized files now loaded: 0)
Unloading 40 unused Assets / (92.7 KB). Loaded Objects now: 4945.
Memory consumption went from 165.6 MB to 165.5 MB.
Total: 4.018900 ms (FindLiveObjects: 0.369200 ms CreateObjectMapping: 0.314400 ms MarkObjects: 3.293800 ms  DeleteObjects: 0.040400 ms)

AssetImportParameters requested are different than current active one (requested -> active):
  custom:video-decoder-ogg-theora: a1e56fd34408186e4bbccfd4996cb3dc -> 
  custom:container-muxer-webm: aa71ff27fc2769a1b78a27578f13a17b -> 
  custom:container-demuxer-webm: 4f35f7cbe854078d1ac9338744f61a02 -> 
  custom:video-encoder-webm-vp8: eb34c28f22e8b96e1ab97ce403110664 -> 
  custom:video-codec-MediaFoundation-h265: 746d11721c4dcdbdad8f713fa42b33f4 -> 
  custom:CustomObjectIndexerAttribute: bc11b3a6c3213fcdd17b65e7da85e133 -> 
  custom:audio-encoder-webm-vorbis: bf7c407c2cedff20999df2af8eb42d56 -> 
  custom:framework-win-MediaFoundation: 216162199b28c13a410421893ffa2e32 -> 
  custom:SearchIndexIgnoredProperties: e643bd26f0fe6173181afceb89e7c659 -> 
  custom:container-demuxer-ogg: 62fdf1f143b41e24485cea50d1cbac27 -> 
  custom:video-decoder-webm-vp8: 9c59270c3fd7afecdb556c50c9e8de78 -> 
  custom:audio-decoder-ogg-vorbis: bf7c407c2cedff20999df2af8eb42d56 -> 
========================================================================
Received Prepare
Registering precompiled user dll's ...
Registered in 0.009603 seconds.
Begin MonoManager ReloadAssembly
Native extension for WindowsStandalone target not found
Native extension for WebGL target not found
Refreshing native plugins compatible for Editor in 1.13 ms, found 4 plugins.
Preloading 0 native plugins for Editor in 0.00 ms.
[Package Manager] Server::EnsureServerProcessIsRunning -- launch failed, reason: Unity was launched with the -noUpm command-line argument
[Package Manager] Cannot connect to Unity Package Manager local server
Mono: successfully reloaded assembly
- Completed reload, in  1.716 seconds
Domain Reload Profiling:
	ReloadAssembly (1716ms)
		BeginReloadAssembly (181ms)
			ExecutionOrderSort (0ms)
			DisableScriptedObjects (7ms)
			BackupInstance (0ms)
			ReleaseScriptingObjects (0ms)
			CreateAndSetChildDomain (63ms)
		EndReloadAssembly (1422ms)
			LoadAssemblies (109ms)
			RebuildTransferFunctionScriptingTraits (0ms)
			SetupTypeCache (295ms)
			ReleaseScriptCaches (1ms)
			RebuildScriptCaches (54ms)
			SetupLoadedEditorAssemblies (959ms)
				LogAssemblyErrors (0ms)
				InitializePlatformSupportModulesInManaged (7ms)
				SetLoadedEditorAssemblies (1ms)
				RefreshPlugins (1ms)
				BeforeProcessingInitializeOnLoad (79ms)
				ProcessInitializeOnLoadAttributes (829ms)
				ProcessInitializeOnLoadMethodAttributes (40ms)
				AfterProcessingInitializeOnLoad (2ms)
				EditorAssembliesLoaded (0ms)
			ExecutionOrderSort2 (0ms)
			AwakeInstancesAfterBackupRestoration (6ms)
Platform modules already initialized, skipping
Refreshing native plugins compatible for Editor in 0.86 ms, found 4 plugins.
Preloading 0 native plugins for Editor in 0.00 ms.
Unloading 4391 Unused Serialized files (Serialized files now loaded: 0)
Unloading 39 unused Assets / (92.6 KB). Loaded Objects now: 4960.
Memory consumption went from 165.6 MB to 165.5 MB.
Total: 4.512100 ms (FindLiveObjects: 0.380800 ms CreateObjectMapping: 0.330200 ms MarkObjects: 3.665900 ms  DeleteObjects: 0.134000 ms)

AssetImportParameters requested are different than current active one (requested -> active):
  custom:video-decoder-ogg-theora: a1e56fd34408186e4bbccfd4996cb3dc -> 
  custom:container-muxer-webm: aa71ff27fc2769a1b78a27578f13a17b -> 
  custom:container-demuxer-webm: 4f35f7cbe854078d1ac9338744f61a02 -> 
  custom:video-encoder-webm-vp8: eb34c28f22e8b96e1ab97ce403110664 -> 
  custom:video-codec-MediaFoundation-h265: 746d11721c4dcdbdad8f713fa42b33f4 -> 
  custom:CustomObjectIndexerAttribute: bc11b3a6c3213fcdd17b65e7da85e133 -> 
  custom:audio-encoder-webm-vorbis: bf7c407c2cedff20999df2af8eb42d56 -> 
  custom:framework-win-MediaFoundation: 216162199b28c13a410421893ffa2e32 -> 
  custom:SearchIndexIgnoredProperties: e643bd26f0fe6173181afceb89e7c659 -> 
  custom:container-demuxer-ogg: 62fdf1f143b41e24485cea50d1cbac27 -> 
  custom:video-decoder-webm-vp8: 9c59270c3fd7afecdb556c50c9e8de78 -> 
  custom:audio-decoder-ogg-vorbis: bf7c407c2cedff20999df2af8eb42d56 -> 
========================================================================
Received Import Request.
  Time since last request: 2152.883359 seconds.
  path: Assets/Sprites/Ground.prefab
  artifactKey: Guid(85f0578fed4b32549a3062a8666cafc1) Importer(815301076,1909f56bfc062723c751e8b465ee728b)
Number of updated assets reloaded before import = 0
Start importing Assets/Sprites/Ground.prefab using Guid(85f0578fed4b32549a3062a8666cafc1) Importer(815301076,1909f56bfc062723c751e8b465ee728b)  -> (artifact id: '6c817b14e2eccecf21c5dea6646f8098') in 0.152266 seconds 
Number of asset objects unloaded after import = 201
========================================================================
Received Import Request.
  Time since last request: 5.236762 seconds.
  path: Assets/Sprites/tileset_9.asset
  artifactKey: Guid(38edee27e845b6d4ebde12229ba7301d) Importer(815301076,1909f56bfc062723c751e8b465ee728b)
Number of updated assets reloaded before import = 0
Start importing Assets/Sprites/tileset_9.asset using Guid(38edee27e845b6d4ebde12229ba7301d) Importer(815301076,1909f56bfc062723c751e8b465ee728b)  -> (artifact id: '4b48f9243c395d1a8499d06f507b03ca') in 0.013626 seconds 
Number of asset objects unloaded after import = 3
========================================================================
Received Import Request.
  Time since last request: 0.027892 seconds.
  path: Assets/Sprites/tileset_10.asset
  artifactKey: Guid(34c594419d546724d90702b40383e86d) Importer(815301076,1909f56bfc062723c751e8b465ee728b)
Number of updated assets reloaded before import = 0
Start importing Assets/Sprites/tileset_10.asset using Guid(34c594419d546724d90702b40383e86d) Importer(815301076,1909f56bfc062723c751e8b465ee728b)  -> (artifact id: '5fa7638b79727dd22d2e27f0a6d16396') in 0.011081 seconds 
Number of asset objects unloaded after import = 3
========================================================================
Received Import Request.
  Time since last request: 0.021089 seconds.
  path: Assets/Sprites/tileset_11.asset
  artifactKey: Guid(887b34ee139ceb7439dce40852c40eb4) Importer(815301076,1909f56bfc062723c751e8b465ee728b)
Number of updated assets reloaded before import = 0
Start importing Assets/Sprites/tileset_11.asset using Guid(887b34ee139ceb7439dce40852c40eb4) Importer(815301076,1909f56bfc062723c751e8b465ee728b)  -> (artifact id: 'cca4f61cc16430b12cdef9dcbb32bac5') in 0.015274 seconds 
Number of asset objects unloaded after import = 3
========================================================================
Received Import Request.
  Time since last request: 0.294168 seconds.
  path: Assets/Sprites/tileset_12.asset
  artifactKey: Guid(fac896ddc49b71e4a811d667b82f625c) Importer(815301076,1909f56bfc062723c751e8b465ee728b)
Number of updated assets reloaded before import = 0
Start importing Assets/Sprites/tileset_12.asset using Guid(fac896ddc49b71e4a811d667b82f625c) Importer(815301076,1909f56bfc062723c751e8b465ee728b)  -> (artifact id: 'cb45e3fd761f08e0941a056d74d42f30') in 0.010255 seconds 
Number of asset objects unloaded after import = 3
========================================================================
Received Import Request.
  Time since last request: 0.000540 seconds.
  path: Assets/Sprites/tileset_13.asset
  artifactKey: Guid(b8b0626d87c910a40b4ae5e46fd9e097) Importer(815301076,1909f56bfc062723c751e8b465ee728b)
Number of updated assets reloaded before import = 0
Start importing Assets/Sprites/tileset_13.asset using Guid(b8b0626d87c910a40b4ae5e46fd9e097) Importer(815301076,1909f56bfc062723c751e8b465ee728b)  -> (artifact id: '6f94d58292385d3f44655a0bf0aec53b') in 0.013084 seconds 
Number of asset objects unloaded after import = 3
========================================================================
Received Import Request.
  Time since last request: 0.008033 seconds.
  path: Assets/Sprites/tileset_14.asset
  artifactKey: Guid(5017708b97049374ca0d77f6f35566f2) Importer(815301076,1909f56bfc062723c751e8b465ee728b)
Number of updated assets reloaded before import = 0
Start importing Assets/Sprites/tileset_14.asset using Guid(5017708b97049374ca0d77f6f35566f2) Importer(815301076,1909f56bfc062723c751e8b465ee728b)  -> (artifact id: '3e1f3333291a8ee489d4d1c39eb6372b') in 0.015412 seconds 
Number of asset objects unloaded after import = 3
========================================================================
Received Import Request.
  Time since last request: 0.007241 seconds.
  path: Assets/Sprites/tileset_15.asset
  artifactKey: Guid(c314db51620e59b44b746f881a2737a8) Importer(815301076,1909f56bfc062723c751e8b465ee728b)
Number of updated assets reloaded before import = 0
Start importing Assets/Sprites/tileset_15.asset using Guid(c314db51620e59b44b746f881a2737a8) Importer(815301076,1909f56bfc062723c751e8b465ee728b)  -> (artifact id: 'bdb117b93ee69a33bb5af0e316ea0a81') in 0.013308 seconds 
Number of asset objects unloaded after import = 3
========================================================================
Received Import Request.
  Time since last request: 0.019887 seconds.
  path: Assets/Sprites/tileset_16.asset
  artifactKey: Guid(91ef176bdf7619c42899f1dd7e5f7543) Importer(815301076,1909f56bfc062723c751e8b465ee728b)
Number of updated assets reloaded before import = 0
Start importing Assets/Sprites/tileset_16.asset using Guid(91ef176bdf7619c42899f1dd7e5f7543) Importer(815301076,1909f56bfc062723c751e8b465ee728b)  -> (artifact id: '57e75d53fd1d2ebacb2ec1cb93cc31b2') in 0.011431 seconds 
Number of asset objects unloaded after import = 3
========================================================================
Received Import Request.
  Time since last request: 0.368653 seconds.
  path: Assets/Sprites/tileset_17.asset
  artifactKey: Guid(376cb12c00da13d4ea8453f155658ca7) Importer(815301076,1909f56bfc062723c751e8b465ee728b)
Number of updated assets reloaded before import = 0
Start importing Assets/Sprites/tileset_17.asset using Guid(376cb12c00da13d4ea8453f155658ca7) Importer(815301076,1909f56bfc062723c751e8b465ee728b)  -> (artifact id: 'a90497204b9e4f607609fe146d73f794') in 0.013162 seconds 
Number of asset objects unloaded after import = 3
========================================================================
Received Import Request.
  Time since last request: 0.019224 seconds.
  path: Assets/Sprites/tileset_18.asset
  artifactKey: Guid(7bdb18a693cc6ef46a62b400ac1ba09f) Importer(815301076,1909f56bfc062723c751e8b465ee728b)
Number of updated assets reloaded before import = 0
Start importing Assets/Sprites/tileset_18.asset using Guid(7bdb18a693cc6ef46a62b400ac1ba09f) Importer(815301076,1909f56bfc062723c751e8b465ee728b)  -> (artifact id: '4a9cf59dbc985ccb592ed9f8d8e16f23') in 0.012354 seconds 
Number of asset objects unloaded after import = 3
========================================================================
Received Import Request.
  Time since last request: 0.031339 seconds.
  path: Assets/Sprites/tileset_20.asset
  artifactKey: Guid(e017263c50cea1e4995de2a6886c1a1a) Importer(815301076,1909f56bfc062723c751e8b465ee728b)
Number of updated assets reloaded before import = 0
Start importing Assets/Sprites/tileset_20.asset using Guid(e017263c50cea1e4995de2a6886c1a1a) Importer(815301076,1909f56bfc062723c751e8b465ee728b)  -> (artifact id: 'eb0cc818395406d257d1f6bcc16cf109') in 0.011596 seconds 
Number of asset objects unloaded after import = 3
========================================================================
Received Import Request.
  Time since last request: 0.405085 seconds.
  path: Assets/Sprites/tileset_21.asset
  artifactKey: Guid(2a89d9d604ac6624fa3c77730e387d47) Importer(815301076,1909f56bfc062723c751e8b465ee728b)
Number of updated assets reloaded before import = 0
Start importing Assets/Sprites/tileset_21.asset using Guid(2a89d9d604ac6624fa3c77730e387d47) Importer(815301076,1909f56bfc062723c751e8b465ee728b)  -> (artifact id: 'f6fcd5dfd39ead46b763dfd223ae2d1e') in 0.018982 seconds 
Number of asset objects unloaded after import = 3
========================================================================
Received Import Request.
  Time since last request: 0.000020 seconds.
  path: Assets/Sprites/tileset_23.asset
  artifactKey: Guid(6a173e3a9ff1e5141a3e325b15b2aa85) Importer(815301076,1909f56bfc062723c751e8b465ee728b)
Number of updated assets reloaded before import = 0
Start importing Assets/Sprites/tileset_23.asset using Guid(6a173e3a9ff1e5141a3e325b15b2aa85) Importer(815301076,1909f56bfc062723c751e8b465ee728b)  -> (artifact id: 'c59ec6442739923fbd0cfb399590d9db') in 0.014903 seconds 
Number of asset objects unloaded after import = 3
========================================================================
Received Import Request.
  Time since last request: 0.038783 seconds.
  path: Assets/Sprites/tileset_25.asset
  artifactKey: Guid(eacd645f094e0334f8d06c18c94402bf) Importer(815301076,1909f56bfc062723c751e8b465ee728b)
Number of updated assets reloaded before import = 0
Start importing Assets/Sprites/tileset_25.asset using Guid(eacd645f094e0334f8d06c18c94402bf) Importer(815301076,1909f56bfc062723c751e8b465ee728b)  -> (artifact id: '36c22cb0384759764743455f12ec4ba8') in 0.011643 seconds 
Number of asset objects unloaded after import = 3
========================================================================
Received Import Request.
  Time since last request: 0.020416 seconds.
  path: Assets/Sprites/tileset_26.asset
  artifactKey: Guid(6aaace8ea35cd154f91da5671a2d3c2c) Importer(815301076,1909f56bfc062723c751e8b465ee728b)
Number of updated assets reloaded before import = 0
Start importing Assets/Sprites/tileset_26.asset using Guid(6aaace8ea35cd154f91da5671a2d3c2c) Importer(815301076,1909f56bfc062723c751e8b465ee728b)  -> (artifact id: '3868b939f4ff24ce50c3d97e2cd74b8b') in 0.013273 seconds 
Number of asset objects unloaded after import = 3
========================================================================
Received Import Request.
  Time since last request: 0.411831 seconds.
  path: Assets/Sprites/tileset_27.asset
  artifactKey: Guid(ff319a0156ad7b44499f7aead50da5fb) Importer(815301076,1909f56bfc062723c751e8b465ee728b)
Number of updated assets reloaded before import = 0
Start importing Assets/Sprites/tileset_27.asset using Guid(ff319a0156ad7b44499f7aead50da5fb) Importer(815301076,1909f56bfc062723c751e8b465ee728b)  -> (artifact id: '66cdaca75c779cf65c35d8df9884fb83') in 0.009517 seconds 
Number of asset objects unloaded after import = 3
========================================================================
Received Import Request.
  Time since last request: 0.018838 seconds.
  path: Assets/Sprites/tileset_28.asset
  artifactKey: Guid(3a63801d72b5a9442860df8990ac2275) Importer(815301076,1909f56bfc062723c751e8b465ee728b)
Number of updated assets reloaded before import = 0
Start importing Assets/Sprites/tileset_28.asset using Guid(3a63801d72b5a9442860df8990ac2275) Importer(815301076,1909f56bfc062723c751e8b465ee728b)  -> (artifact id: '2d65faf7323f77cc289fc833d107d003') in 0.014983 seconds 
Number of asset objects unloaded after import = 3
========================================================================
Received Import Request.
  Time since last request: 0.001024 seconds.
  path: Assets/Sprites/tileset_29.asset
  artifactKey: Guid(1b57f561582b7c44aa0c08411eda30f0) Importer(815301076,1909f56bfc062723c751e8b465ee728b)
Number of updated assets reloaded before import = 0
Start importing Assets/Sprites/tileset_29.asset using Guid(1b57f561582b7c44aa0c08411eda30f0) Importer(815301076,1909f56bfc062723c751e8b465ee728b)  -> (artifact id: '868df110e9616fed1543f49aebe27dfc') in 0.014680 seconds 
Number of asset objects unloaded after import = 3
========================================================================
Received Import Request.
  Time since last request: 0.028938 seconds.
  path: Assets/Sprites/tileset_30.asset
  artifactKey: Guid(7acfaa2d2e838ef46a7a3df458335f29) Importer(815301076,1909f56bfc062723c751e8b465ee728b)
Number of updated assets reloaded before import = 0
Start importing Assets/Sprites/tileset_30.asset using Guid(7acfaa2d2e838ef46a7a3df458335f29) Importer(815301076,1909f56bfc062723c751e8b465ee728b)  -> (artifact id: '21c74aad2c31b4dbc58e255d7d74f27e') in 0.017471 seconds 
Number of asset objects unloaded after import = 3
========================================================================
Received Import Request.
  Time since last request: 0.430013 seconds.
  path: Assets/Sprites/tileset_32.asset
  artifactKey: Guid(de87bc586df8b03489dd2d5713160164) Importer(815301076,1909f56bfc062723c751e8b465ee728b)
Number of updated assets reloaded before import = 0
Start importing Assets/Sprites/tileset_32.asset using Guid(de87bc586df8b03489dd2d5713160164) Importer(815301076,1909f56bfc062723c751e8b465ee728b)  -> (artifact id: '56e8decfdc13c57417115262090cafa0') in 0.011406 seconds 
Number of asset objects unloaded after import = 3
========================================================================
Received Import Request.
  Time since last request: 0.000103 seconds.
  path: Assets/Sprites/tileset_33.asset
  artifactKey: Guid(17b46f5719fe5aa49969838619394f0e) Importer(815301076,1909f56bfc062723c751e8b465ee728b)
Number of updated assets reloaded before import = 0
Start importing Assets/Sprites/tileset_33.asset using Guid(17b46f5719fe5aa49969838619394f0e) Importer(815301076,1909f56bfc062723c751e8b465ee728b)  -> (artifact id: 'fddaa8472a3e822a1577b5cd67e057dc') in 0.012806 seconds 
Number of asset objects unloaded after import = 3
========================================================================
Received Import Request.
  Time since last request: 0.009643 seconds.
  path: Assets/Sprites/tileset_34.asset
  artifactKey: Guid(c420f8b4d3036f944b6707b8f6a8caa8) Importer(815301076,1909f56bfc062723c751e8b465ee728b)
Number of updated assets reloaded before import = 0
Start importing Assets/Sprites/tileset_34.asset using Guid(c420f8b4d3036f944b6707b8f6a8caa8) Importer(815301076,1909f56bfc062723c751e8b465ee728b)  -> (artifact id: '04ec0104e7f3c7bfdeaf083734a4ff68') in 0.012394 seconds 
Number of asset objects unloaded after import = 3
========================================================================
Received Import Request.
  Time since last request: 0.004678 seconds.
  path: Assets/Sprites/tileset_35.asset
  artifactKey: Guid(eac8432696eaa9043a3f3364b45a4905) Importer(815301076,1909f56bfc062723c751e8b465ee728b)
Number of updated assets reloaded before import = 0
Start importing Assets/Sprites/tileset_35.asset using Guid(eac8432696eaa9043a3f3364b45a4905) Importer(815301076,1909f56bfc062723c751e8b465ee728b)  -> (artifact id: '9e9bba8297c7a735eca9d343bd33a862') in 0.012485 seconds 
Number of asset objects unloaded after import = 3
========================================================================
Received Import Request.
  Time since last request: 0.019816 seconds.
  path: Assets/Sprites/tileset_36.asset
  artifactKey: Guid(75f09441e1b86de469e7ed2b2f1ec6a4) Importer(815301076,1909f56bfc062723c751e8b465ee728b)
Number of updated assets reloaded before import = 0
Start importing Assets/Sprites/tileset_36.asset using Guid(75f09441e1b86de469e7ed2b2f1ec6a4) Importer(815301076,1909f56bfc062723c751e8b465ee728b)  -> (artifact id: '59de63ffaac0d1afba4b23a1ad7b488d') in 0.014114 seconds 
Number of asset objects unloaded after import = 3
========================================================================
Received Import Request.
  Time since last request: 0.422445 seconds.
  path: Assets/Sprites/tileset_38.asset
  artifactKey: Guid(c5013a76231b0cc43aa70554b6c06e30) Importer(815301076,1909f56bfc062723c751e8b465ee728b)
Number of updated assets reloaded before import = 0
Start importing Assets/Sprites/tileset_38.asset using Guid(c5013a76231b0cc43aa70554b6c06e30) Importer(815301076,1909f56bfc062723c751e8b465ee728b)  -> (artifact id: '5d2ce1a398f7be4be3e7d9712cc4396a') in 0.009594 seconds 
Number of asset objects unloaded after import = 3
========================================================================
Received Import Request.
  Time since last request: 0.019918 seconds.
  path: Assets/Sprites/tileset_39.asset
  artifactKey: Guid(a158625dd20714743934d5d7db73471a) Importer(815301076,1909f56bfc062723c751e8b465ee728b)
Number of updated assets reloaded before import = 0
Start importing Assets/Sprites/tileset_39.asset using Guid(a158625dd20714743934d5d7db73471a) Importer(815301076,1909f56bfc062723c751e8b465ee728b)  -> (artifact id: '2174ecd894c326e72c32a304c56d756a') in 0.016562 seconds 
Number of asset objects unloaded after import = 3
========================================================================
Received Import Request.
  Time since last request: 0.039647 seconds.
  path: Assets/Sprites/tileset_41.asset
  artifactKey: Guid(8b4cff094fe9d1041a2fcbc2f86469ae) Importer(815301076,1909f56bfc062723c751e8b465ee728b)
Number of updated assets reloaded before import = 0
Start importing Assets/Sprites/tileset_41.asset using Guid(8b4cff094fe9d1041a2fcbc2f86469ae) Importer(815301076,1909f56bfc062723c751e8b465ee728b)  -> (artifact id: '9796695f7bc1dbfda5c13ef5e361ba1e') in 0.019124 seconds 
Number of asset objects unloaded after import = 3
========================================================================
Received Import Request.
  Time since last request: 27.431445 seconds.
  path: Assets/Sprites/tileset_43.asset
  artifactKey: Guid(4ed49dbd975a7df4a9ccc5af95149495) Importer(815301076,1909f56bfc062723c751e8b465ee728b)
Number of updated assets reloaded before import = 0
Start importing Assets/Sprites/tileset_43.asset using Guid(4ed49dbd975a7df4a9ccc5af95149495) Importer(815301076,1909f56bfc062723c751e8b465ee728b)  -> (artifact id: 'a58e3d280a32a8c29b96c45addef4377') in 0.009123 seconds 
Number of asset objects unloaded after import = 3
========================================================================
Received Import Request.
  Time since last request: 0.061209 seconds.
  path: Assets/Sprites/tileset_44.asset
  artifactKey: Guid(f5287250fa7369b41b68f8a34bbdcfed) Importer(815301076,1909f56bfc062723c751e8b465ee728b)
Number of updated assets reloaded before import = 0
Start importing Assets/Sprites/tileset_44.asset using Guid(f5287250fa7369b41b68f8a34bbdcfed) Importer(815301076,1909f56bfc062723c751e8b465ee728b)  -> (artifact id: 'f26466291ff4fac458b588394893c487') in 0.008695 seconds 
Number of asset objects unloaded after import = 3
========================================================================
Received Import Request.
  Time since last request: 0.023826 seconds.
  path: Assets/Sprites/tileset_45.asset
  artifactKey: Guid(755c2a067e56d464da63fd7f05b9f73f) Importer(815301076,1909f56bfc062723c751e8b465ee728b)
Number of updated assets reloaded before import = 0
Start importing Assets/Sprites/tileset_45.asset using Guid(755c2a067e56d464da63fd7f05b9f73f) Importer(815301076,1909f56bfc062723c751e8b465ee728b)  -> (artifact id: 'e870d3d1bfc91bb04ab53aee3770a460') in 0.011305 seconds 
Number of asset objects unloaded after import = 3
========================================================================
Received Import Request.
  Time since last request: 0.018871 seconds.
  path: Assets/Sprites/tileset_47.asset
  artifactKey: Guid(db3fc60ab0cca664bae74799c788e401) Importer(815301076,1909f56bfc062723c751e8b465ee728b)
Number of updated assets reloaded before import = 0
Start importing Assets/Sprites/tileset_47.asset using Guid(db3fc60ab0cca664bae74799c788e401) Importer(815301076,1909f56bfc062723c751e8b465ee728b)  -> (artifact id: '2c0e0206aafcc3e425ca2951ea23ec19') in 0.015378 seconds 
Number of asset objects unloaded after import = 3
========================================================================
Received Import Request.
  Time since last request: 0.000737 seconds.
  path: Assets/Sprites/tileset_49.asset
  artifactKey: Guid(450d6b07e08f6544ab3b448c6f7c7ee8) Importer(815301076,1909f56bfc062723c751e8b465ee728b)
Number of updated assets reloaded before import = 0
Start importing Assets/Sprites/tileset_49.asset using Guid(450d6b07e08f6544ab3b448c6f7c7ee8) Importer(815301076,1909f56bfc062723c751e8b465ee728b)  -> (artifact id: 'bea02afe4f3de3b80799b240d357a7d7') in 0.011162 seconds 
Number of asset objects unloaded after import = 3
========================================================================
Received Import Request.
  Time since last request: 0.005915 seconds.
  path: Assets/Sprites/tileset_51.asset
  artifactKey: Guid(ce1a4104767a81140a7d598b3481bf10) Importer(815301076,1909f56bfc062723c751e8b465ee728b)
Number of updated assets reloaded before import = 0
Start importing Assets/Sprites/tileset_51.asset using Guid(ce1a4104767a81140a7d598b3481bf10) Importer(815301076,1909f56bfc062723c751e8b465ee728b)  -> (artifact id: '478ecbb099ec542fa9d5aa1faa78b837') in 0.012374 seconds 
Number of asset objects unloaded after import = 3
========================================================================
Received Import Request.
  Time since last request: 0.002000 seconds.
  path: Assets/Sprites/tileset_53.asset
  artifactKey: Guid(bad03708ae73fb64caeb0b3baa01a352) Importer(815301076,1909f56bfc062723c751e8b465ee728b)
Number of updated assets reloaded before import = 0
Start importing Assets/Sprites/tileset_53.asset using Guid(bad03708ae73fb64caeb0b3baa01a352) Importer(815301076,1909f56bfc062723c751e8b465ee728b)  -> (artifact id: '32e5a64c40d3874c95b35df4e149a0b3') in 0.013014 seconds 
Number of asset objects unloaded after import = 3
========================================================================
Received Import Request.
  Time since last request: 0.002805 seconds.
  path: Assets/Sprites/tileset_55.asset
  artifactKey: Guid(b1ce8dbd4ffcd27489106a72c63a7e78) Importer(815301076,1909f56bfc062723c751e8b465ee728b)
Number of updated assets reloaded before import = 0
Start importing Assets/Sprites/tileset_55.asset using Guid(b1ce8dbd4ffcd27489106a72c63a7e78) Importer(815301076,1909f56bfc062723c751e8b465ee728b)  -> (artifact id: 'f4238a55d00fc64a2308d3b8a9f8a249') in 0.011923 seconds 
Number of asset objects unloaded after import = 3
========================================================================
Received Import Request.
  Time since last request: 0.002856 seconds.
  path: Assets/Sprites/tileset_57.asset
  artifactKey: Guid(a3d97105440acdb45ae58e14ed2bd835) Importer(815301076,1909f56bfc062723c751e8b465ee728b)
Number of updated assets reloaded before import = 0
Start importing Assets/Sprites/tileset_57.asset using Guid(a3d97105440acdb45ae58e14ed2bd835) Importer(815301076,1909f56bfc062723c751e8b465ee728b)  -> (artifact id: '73f1a891fcfc86b5393c8f7c8ea85021') in 0.012455 seconds 
Number of asset objects unloaded after import = 3
========================================================================
Received Import Request.
  Time since last request: 0.004495 seconds.
  path: Assets/Sprites/tileset_60.asset
  artifactKey: Guid(1d99232cbe76e2c498ff4c37add8c82d) Importer(815301076,1909f56bfc062723c751e8b465ee728b)
Number of updated assets reloaded before import = 0
Start importing Assets/Sprites/tileset_60.asset using Guid(1d99232cbe76e2c498ff4c37add8c82d) Importer(815301076,1909f56bfc062723c751e8b465ee728b)  -> (artifact id: 'e25f774e17dd74566ccf4a8dd25ca85d') in 0.015075 seconds 
Number of asset objects unloaded after import = 3
========================================================================
Received Import Request.
  Time since last request: 0.000857 seconds.
  path: Assets/Sprites/tileset_61.asset
  artifactKey: Guid(0dc15e8fe18e28741aa3a2a3630f5070) Importer(815301076,1909f56bfc062723c751e8b465ee728b)
Number of updated assets reloaded before import = 0
Start importing Assets/Sprites/tileset_61.asset using Guid(0dc15e8fe18e28741aa3a2a3630f5070) Importer(815301076,1909f56bfc062723c751e8b465ee728b)  -> (artifact id: '740734e18dffc65e3a509d06094021a3') in 0.012612 seconds 
Number of asset objects unloaded after import = 3
========================================================================
Received Import Request.
  Time since last request: 0.002900 seconds.
  path: Assets/Sprites/tileset_63.asset
  artifactKey: Guid(f8c2d11b1e2c4ac49989e79483f18e5b) Importer(815301076,1909f56bfc062723c751e8b465ee728b)
Number of updated assets reloaded before import = 0
Start importing Assets/Sprites/tileset_63.asset using Guid(f8c2d11b1e2c4ac49989e79483f18e5b) Importer(815301076,1909f56bfc062723c751e8b465ee728b)  -> (artifact id: '764fb289c5675d3ec58ed67812c788ef') in 0.012674 seconds 
Number of asset objects unloaded after import = 3
========================================================================
Received Import Request.
  Time since last request: 0.014634 seconds.
  path: Assets/Sprites/tileset_64.asset
  artifactKey: Guid(36955f93c6897024ea97222b4f05598f) Importer(815301076,1909f56bfc062723c751e8b465ee728b)
Number of updated assets reloaded before import = 0
Start importing Assets/Sprites/tileset_64.asset using Guid(36955f93c6897024ea97222b4f05598f) Importer(815301076,1909f56bfc062723c751e8b465ee728b)  -> (artifact id: '52bd001ea721977756b60a7b90b0b667') in 0.011917 seconds 
Number of asset objects unloaded after import = 3
========================================================================
Received Import Request.
  Time since last request: 0.026438 seconds.
  path: Assets/Sprites/tileset_66.asset
  artifactKey: Guid(a4c11d8cd2c8ec14ba4b71fe4a908dae) Importer(815301076,1909f56bfc062723c751e8b465ee728b)
Number of updated assets reloaded before import = 0
Start importing Assets/Sprites/tileset_66.asset using Guid(a4c11d8cd2c8ec14ba4b71fe4a908dae) Importer(815301076,1909f56bfc062723c751e8b465ee728b)  -> (artifact id: 'e3f2c153baac6470fd28f050344db3f4') in 0.013719 seconds 
Number of asset objects unloaded after import = 3
========================================================================
Received Import Request.
  Time since last request: 0.015454 seconds.
  path: Assets/Sprites/tileset_68.asset
  artifactKey: Guid(653c124c6c8d6374ba2fc859e3f6da25) Importer(815301076,1909f56bfc062723c751e8b465ee728b)
Number of updated assets reloaded before import = 0
Start importing Assets/Sprites/tileset_68.asset using Guid(653c124c6c8d6374ba2fc859e3f6da25) Importer(815301076,1909f56bfc062723c751e8b465ee728b)  -> (artifact id: 'fea276472026601854badab73df074f2') in 0.013040 seconds 
Number of asset objects unloaded after import = 3
========================================================================
Received Import Request.
  Time since last request: 0.013954 seconds.
  path: Assets/Sprites/tileset_69.asset
  artifactKey: Guid(4156ff04edf12f041a7fb6d18ff9ba77) Importer(815301076,1909f56bfc062723c751e8b465ee728b)
Number of updated assets reloaded before import = 0
Start importing Assets/Sprites/tileset_69.asset using Guid(4156ff04edf12f041a7fb6d18ff9ba77) Importer(815301076,1909f56bfc062723c751e8b465ee728b)  -> (artifact id: 'db9e95af4ffa897101853f1520a55316') in 0.011108 seconds 
Number of asset objects unloaded after import = 3
========================================================================
Received Import Request.
  Time since last request: 0.054764 seconds.
  path: Assets/Sprites/tileset_70.asset
  artifactKey: Guid(040c130cc6548a740a5db056173ccca7) Importer(815301076,1909f56bfc062723c751e8b465ee728b)
Number of updated assets reloaded before import = 0
Start importing Assets/Sprites/tileset_70.asset using Guid(040c130cc6548a740a5db056173ccca7) Importer(815301076,1909f56bfc062723c751e8b465ee728b)  -> (artifact id: 'd0285e57e7c6ab44b232773e2afccef7') in 0.009187 seconds 
Number of asset objects unloaded after import = 3
========================================================================
Received Import Request.
  Time since last request: 0.057592 seconds.
  path: Assets/Sprites/tileset_71.asset
  artifactKey: Guid(892b750fc40b9cb479e3656725dbd466) Importer(815301076,1909f56bfc062723c751e8b465ee728b)
Number of updated assets reloaded before import = 0
Start importing Assets/Sprites/tileset_71.asset using Guid(892b750fc40b9cb479e3656725dbd466) Importer(815301076,1909f56bfc062723c751e8b465ee728b)  -> (artifact id: '86b0f85a6158c30877aa66d30a94f572') in 0.009383 seconds 
Number of asset objects unloaded after import = 3
========================================================================
Received Import Request.
  Time since last request: 0.015599 seconds.
  path: Assets/Sprites/tileset_72.asset
  artifactKey: Guid(ef4da86e00119f54c8a8c06bb92a8652) Importer(815301076,1909f56bfc062723c751e8b465ee728b)
Number of updated assets reloaded before import = 0
Start importing Assets/Sprites/tileset_72.asset using Guid(ef4da86e00119f54c8a8c06bb92a8652) Importer(815301076,1909f56bfc062723c751e8b465ee728b)  -> (artifact id: '3a8dd97d5b74b61506cd467d6a4cee06') in 0.013623 seconds 
Number of asset objects unloaded after import = 3
========================================================================
Received Import Request.
  Time since last request: 0.098993 seconds.
  path: Assets/Sprites/tileset_73.asset
  artifactKey: Guid(d44cb3e6079c64041a4b3e2ba61bab26) Importer(815301076,1909f56bfc062723c751e8b465ee728b)
Number of updated assets reloaded before import = 0
Start importing Assets/Sprites/tileset_73.asset using Guid(d44cb3e6079c64041a4b3e2ba61bab26) Importer(815301076,1909f56bfc062723c751e8b465ee728b)  -> (artifact id: '4f418b875962f73c37b26519eb413af4') in 0.010659 seconds 
Number of asset objects unloaded after import = 3
========================================================================
Received Import Request.
  Time since last request: 0.038078 seconds.
  path: Assets/Sprites/tileset_74.asset
  artifactKey: Guid(afaa2b72ee738f4478cb70a614449ef2) Importer(815301076,1909f56bfc062723c751e8b465ee728b)
Number of updated assets reloaded before import = 0
Start importing Assets/Sprites/tileset_74.asset using Guid(afaa2b72ee738f4478cb70a614449ef2) Importer(815301076,1909f56bfc062723c751e8b465ee728b)  -> (artifact id: '0b4dfb3ae2b971881d2d70d52f8d40ec') in 0.008798 seconds 
Number of asset objects unloaded after import = 3
========================================================================
Received Import Request.
  Time since last request: 0.038015 seconds.
  path: Assets/Sprites/tileset_75.asset
  artifactKey: Guid(efd531efa3d6021479eafae0a41fa5cb) Importer(815301076,1909f56bfc062723c751e8b465ee728b)
Number of updated assets reloaded before import = 0
Start importing Assets/Sprites/tileset_75.asset using Guid(efd531efa3d6021479eafae0a41fa5cb) Importer(815301076,1909f56bfc062723c751e8b465ee728b)  -> (artifact id: '56df07e05cb2a599a7e23fb14d5fadc8') in 0.010450 seconds 
Number of asset objects unloaded after import = 3
========================================================================
Received Import Request.
  Time since last request: 0.013729 seconds.
  path: Assets/Sprites/tileset_76.asset
  artifactKey: Guid(c391075ef65eac24bb26738b79408a59) Importer(815301076,1909f56bfc062723c751e8b465ee728b)
Number of updated assets reloaded before import = 0
Start importing Assets/Sprites/tileset_76.asset using Guid(c391075ef65eac24bb26738b79408a59) Importer(815301076,1909f56bfc062723c751e8b465ee728b)  -> (artifact id: 'b7b2b799ced9c540992862a9a51378d7') in 0.016212 seconds 
Number of asset objects unloaded after import = 3
========================================================================
Received Import Request.
  Time since last request: 0.004512 seconds.
  path: Assets/Sprites/tileset_77.asset
  artifactKey: Guid(53695bef02dc6dc49824c8ad751d198e) Importer(815301076,1909f56bfc062723c751e8b465ee728b)
Number of updated assets reloaded before import = 0
Start importing Assets/Sprites/tileset_77.asset using Guid(53695bef02dc6dc49824c8ad751d198e) Importer(815301076,1909f56bfc062723c751e8b465ee728b)  -> (artifact id: '575e8d1684fcf51fb2db56a83c4beacd') in 0.012725 seconds 
Number of asset objects unloaded after import = 3
========================================================================
Received Import Request.
  Time since last request: 0.002958 seconds.
  path: Assets/Sprites/tileset_78.asset
  artifactKey: Guid(f9962b05e5f8eb040936806fd37ed6e7) Importer(815301076,1909f56bfc062723c751e8b465ee728b)
Number of updated assets reloaded before import = 0
Start importing Assets/Sprites/tileset_78.asset using Guid(f9962b05e5f8eb040936806fd37ed6e7) Importer(815301076,1909f56bfc062723c751e8b465ee728b)  -> (artifact id: '9285f5ac229cdf71e8c96f290de27756') in 0.010753 seconds 
Number of asset objects unloaded after import = 3
========================================================================
Received Import Request.
  Time since last request: 0.001315 seconds.
  path: Assets/Sprites/tileset_79.asset
  artifactKey: Guid(2937b2f15e074db4c96fef2dbcfdecac) Importer(815301076,1909f56bfc062723c751e8b465ee728b)
Number of updated assets reloaded before import = 0
Start importing Assets/Sprites/tileset_79.asset using Guid(2937b2f15e074db4c96fef2dbcfdecac) Importer(815301076,1909f56bfc062723c751e8b465ee728b)  -> (artifact id: '9de6c16f81714f173b500a15631f579f') in 0.011617 seconds 
Number of asset objects unloaded after import = 3
========================================================================
Received Import Request.
  Time since last request: 0.004428 seconds.
  path: Assets/Sprites/tileset_80.asset
  artifactKey: Guid(a7a208e4ab26e8d47a41927bc88afd50) Importer(815301076,1909f56bfc062723c751e8b465ee728b)
Number of updated assets reloaded before import = 0
Start importing Assets/Sprites/tileset_80.asset using Guid(a7a208e4ab26e8d47a41927bc88afd50) Importer(815301076,1909f56bfc062723c751e8b465ee728b)  -> (artifact id: '53d1533e02b89aa08a97eb338d27e54e') in 0.011566 seconds 
Number of asset objects unloaded after import = 3
========================================================================
Received Import Request.
  Time since last request: 0.002071 seconds.
  path: Assets/Sprites/tileset_81.asset
  artifactKey: Guid(ae0abdd9a7f5dd54d9eea15cf978c422) Importer(815301076,1909f56bfc062723c751e8b465ee728b)
Number of updated assets reloaded before import = 0
Start importing Assets/Sprites/tileset_81.asset using Guid(ae0abdd9a7f5dd54d9eea15cf978c422) Importer(815301076,1909f56bfc062723c751e8b465ee728b)  -> (artifact id: '296ef38763eb80fe2abb4bb07d32a03d') in 0.011813 seconds 
Number of asset objects unloaded after import = 3
========================================================================
Received Import Request.
  Time since last request: 0.000884 seconds.
  path: Assets/Sprites/tileset_82.asset
  artifactKey: Guid(fe0e610761e3cf24d9326157c9d9991e) Importer(815301076,1909f56bfc062723c751e8b465ee728b)
Number of updated assets reloaded before import = 0
Start importing Assets/Sprites/tileset_82.asset using Guid(fe0e610761e3cf24d9326157c9d9991e) Importer(815301076,1909f56bfc062723c751e8b465ee728b)  -> (artifact id: '8afde87cd32fe2164a512762755cf913') in 0.010041 seconds 
Number of asset objects unloaded after import = 3
========================================================================
Received Import Request.
  Time since last request: 0.005484 seconds.
  path: Assets/Sprites/tileset_83.asset
  artifactKey: Guid(621ec1f22c427234ea58d7999ab5b147) Importer(815301076,1909f56bfc062723c751e8b465ee728b)
Number of updated assets reloaded before import = 0
Start importing Assets/Sprites/tileset_83.asset using Guid(621ec1f22c427234ea58d7999ab5b147) Importer(815301076,1909f56bfc062723c751e8b465ee728b)  -> (artifact id: '224b72c3bf6849da768fbdac1bd47a10') in 0.010223 seconds 
Number of asset objects unloaded after import = 3
========================================================================
Received Import Request.
  Time since last request: 0.002639 seconds.
  path: Assets/Sprites/tileset_84.asset
  artifactKey: Guid(7693637a347049c40843ba8115a2c83d) Importer(815301076,1909f56bfc062723c751e8b465ee728b)
Number of updated assets reloaded before import = 0
Start importing Assets/Sprites/tileset_84.asset using Guid(7693637a347049c40843ba8115a2c83d) Importer(815301076,1909f56bfc062723c751e8b465ee728b)  -> (artifact id: '023fce50376ccba5a776d1438ca8da1b') in 0.013103 seconds 
Number of asset objects unloaded after import = 3
========================================================================
Received Import Request.
  Time since last request: 0.000401 seconds.
  path: Assets/Sprites/tileset_85.asset
  artifactKey: Guid(e1756212fe48ca343b49e639a5821492) Importer(815301076,1909f56bfc062723c751e8b465ee728b)
Number of updated assets reloaded before import = 0
Start importing Assets/Sprites/tileset_85.asset using Guid(e1756212fe48ca343b49e639a5821492) Importer(815301076,1909f56bfc062723c751e8b465ee728b)  -> (artifact id: 'd0d648fe125ca6fff5733e22d9f43d0f') in 0.011095 seconds 
Number of asset objects unloaded after import = 3
========================================================================
Received Import Request.
  Time since last request: 0.003288 seconds.
  path: Assets/Sprites/tileset_86.asset
  artifactKey: Guid(cb15c2593494fb34590a7db565a133f3) Importer(815301076,1909f56bfc062723c751e8b465ee728b)
Number of updated assets reloaded before import = 0
Start importing Assets/Sprites/tileset_86.asset using Guid(cb15c2593494fb34590a7db565a133f3) Importer(815301076,1909f56bfc062723c751e8b465ee728b)  -> (artifact id: 'c197a9c5b10fe469ab5a6ff6ed227bea') in 0.012901 seconds 
Number of asset objects unloaded after import = 3
========================================================================
Received Import Request.
  Time since last request: 0.012349 seconds.
  path: Assets/Sprites/tileset_87.asset
  artifactKey: Guid(6e93a7cef99000e4896e95face8f5c87) Importer(815301076,1909f56bfc062723c751e8b465ee728b)
Number of updated assets reloaded before import = 0
Start importing Assets/Sprites/tileset_87.asset using Guid(6e93a7cef99000e4896e95face8f5c87) Importer(815301076,1909f56bfc062723c751e8b465ee728b)  -> (artifact id: '01936fb75954a5ad3d45113686da19f4') in 0.012864 seconds 
Number of asset objects unloaded after import = 3
========================================================================
Received Import Request.
  Time since last request: 0.023420 seconds.
  path: Assets/Sprites/tileset_88.asset
  artifactKey: Guid(a72a86a1f1abe074794af13e1c44be0a) Importer(815301076,1909f56bfc062723c751e8b465ee728b)
Number of updated assets reloaded before import = 0
Start importing Assets/Sprites/tileset_88.asset using Guid(a72a86a1f1abe074794af13e1c44be0a) Importer(815301076,1909f56bfc062723c751e8b465ee728b)  -> (artifact id: '0252a80bf1c5ccec1ad86d4df05420cb') in 0.009721 seconds 
Number of asset objects unloaded after import = 3
========================================================================
Received Import Request.
  Time since last request: 0.022500 seconds.
  path: Assets/Sprites/tileset_89.asset
  artifactKey: Guid(8bf132eb89d291d4d8a02e9cc5bc179c) Importer(815301076,1909f56bfc062723c751e8b465ee728b)
Number of updated assets reloaded before import = 0
Start importing Assets/Sprites/tileset_89.asset using Guid(8bf132eb89d291d4d8a02e9cc5bc179c) Importer(815301076,1909f56bfc062723c751e8b465ee728b)  -> (artifact id: 'be3b2758df0e63f178706942890dd2c5') in 0.010834 seconds 
Number of asset objects unloaded after import = 3
========================================================================
Received Import Request.
  Time since last request: 0.024779 seconds.
  path: Assets/Sprites/tileset_90.asset
  artifactKey: Guid(c75c6798e4323124e8e86a88574d5cf6) Importer(815301076,1909f56bfc062723c751e8b465ee728b)
Number of updated assets reloaded before import = 0
Start importing Assets/Sprites/tileset_90.asset using Guid(c75c6798e4323124e8e86a88574d5cf6) Importer(815301076,1909f56bfc062723c751e8b465ee728b)  -> (artifact id: '86633d6332b6168bb216aa652df69d88') in 0.011624 seconds 
Number of asset objects unloaded after import = 3
========================================================================
Received Import Request.
  Time since last request: 0.013522 seconds.
  path: Assets/Sprites/tileset_91.asset
  artifactKey: Guid(5454d0dece3cd644681e3ccfd5a4d158) Importer(815301076,1909f56bfc062723c751e8b465ee728b)
Number of updated assets reloaded before import = 0
Start importing Assets/Sprites/tileset_91.asset using Guid(5454d0dece3cd644681e3ccfd5a4d158) Importer(815301076,1909f56bfc062723c751e8b465ee728b)  -> (artifact id: '2c1e4f0a53f4e3fca011141028f12eb3') in 0.012277 seconds 
Number of asset objects unloaded after import = 3
========================================================================
Received Import Request.
  Time since last request: 0.013788 seconds.
  path: Assets/Sprites/tileset_92.asset
  artifactKey: Guid(c7cc8af059ca434448a0804c038c14c4) Importer(815301076,1909f56bfc062723c751e8b465ee728b)
Number of updated assets reloaded before import = 0
Start importing Assets/Sprites/tileset_92.asset using Guid(c7cc8af059ca434448a0804c038c14c4) Importer(815301076,1909f56bfc062723c751e8b465ee728b)  -> (artifact id: '6376f12956d544e071f8f5b40b29aa39') in 0.013338 seconds 
Number of asset objects unloaded after import = 3
