Using pre-set license
Built from '2021.3/staging' branch; Version is '2021.3.32f1 (3b9dae9532f5) revision 3906990'; Using compiler version '192829333'; Build Type 'Release'
OS: 'Windows 11  (10.0.22631) 64bit CoreSingleLanguage' Language: 'en' Physical Memory: 16145 MB
BatchMode: 1, IsHumanControllingUs: 0, StartBugReporterOnCrash: 0, Is64bit: 1, IsPro: 1

COMMAND LINE ARGUMENTS:
D:\Program Files\Unity\Hub\Editor\2021.3.32f1\Editor\Unity.exe
-adb2
-batchMode
-noUpm
-name
AssetImportWorker0
-projectPath
D:/Git/GothicVania
-logFile
Logs/AssetImportWorker0.log
-srvPort
49795
Successfully changed project path to: D:/Git/GothicVania
D:/Git/GothicVania
[UnityMemory] Configuration Parameters - Can be set up in boot.config
    "memorysetup-bucket-allocator-granularity=16"
    "memorysetup-bucket-allocator-bucket-count=8"
    "memorysetup-bucket-allocator-block-size=33554432"
    "memorysetup-bucket-allocator-block-count=8"
    "memorysetup-main-allocator-block-size=16777216"
    "memorysetup-thread-allocator-block-size=16777216"
    "memorysetup-gfx-main-allocator-block-size=16777216"
    "memorysetup-gfx-thread-allocator-block-size=16777216"
    "memorysetup-cache-allocator-block-size=4194304"
    "memorysetup-typetree-allocator-block-size=2097152"
    "memorysetup-profiler-bucket-allocator-granularity=16"
    "memorysetup-profiler-bucket-allocator-bucket-count=8"
    "memorysetup-profiler-bucket-allocator-block-size=33554432"
    "memorysetup-profiler-bucket-allocator-block-count=8"
    "memorysetup-profiler-allocator-block-size=16777216"
    "memorysetup-profiler-editor-allocator-block-size=1048576"
    "memorysetup-temp-allocator-size-main=16777216"
    "memorysetup-job-temp-allocator-block-size=2097152"
    "memorysetup-job-temp-allocator-block-size-background=1048576"
    "memorysetup-job-temp-allocator-reduction-small-platforms=262144"
    "memorysetup-temp-allocator-size-background-worker=32768"
    "memorysetup-temp-allocator-size-job-worker=262144"
    "memorysetup-temp-allocator-size-preload-manager=33554432"
    "memorysetup-temp-allocator-size-nav-mesh-worker=65536"
    "memorysetup-temp-allocator-size-audio-worker=65536"
    "memorysetup-temp-allocator-size-cloud-worker=32768"
    "memorysetup-temp-allocator-size-gi-baking-worker=262144"
    "memorysetup-temp-allocator-size-gfx=262144"
Player connection [5124] Host "[IP] 172.16.3.68 [Port] 0 [Flags] 2 [Guid] 1543107448 [EditorId] 1543107448 [Version] 1048832 [Id] WindowsEditor(7,DESKTOP-19KQMBD) [Debug] 1 [PackageName] WindowsEditor [ProjectName] Editor" joined multi-casting on [225.0.0.222:54997]...

Player connection [5124] Host "[IP] 172.16.3.68 [Port] 0 [Flags] 2 [Guid] 1543107448 [EditorId] 1543107448 [Version] 1048832 [Id] WindowsEditor(7,DESKTOP-19KQMBD) [Debug] 1 [PackageName] WindowsEditor [ProjectName] Editor" joined alternative multi-casting on [225.0.0.222:34997]...

[Physics::Module] Initialized MultithreadedJobDispatcher with {0} workers.
Refreshing native plugins compatible for Editor in 137.81 ms, found 4 plugins.
Preloading 0 native plugins for Editor in 0.00 ms.
Initialize engine version: 2021.3.32f1 (3b9dae9532f5)
[Subsystems] Discovering subsystems at path D:/Program Files/Unity/Hub/Editor/2021.3.32f1/Editor/Data/Resources/UnitySubsystems
[Subsystems] Discovering subsystems at path D:/Git/GothicVania/Assets
GfxDevice: creating device client; threaded=0; jobified=0
Direct3D:
    Version:  Direct3D 11.0 [level 11.1]
    Renderer: Intel(R) UHD Graphics (ID=0x9bc4)
    Vendor:   Intel
    VRAM:     8072 MB
    Driver:   27.20.100.9664
Initialize mono
Mono path[0] = 'D:/Program Files/Unity/Hub/Editor/2021.3.32f1/Editor/Data/Managed'
Mono path[1] = 'D:/Program Files/Unity/Hub/Editor/2021.3.32f1/Editor/Data/MonoBleedingEdge/lib/mono/unityjit-win32'
Mono config path = 'D:/Program Files/Unity/Hub/Editor/2021.3.32f1/Editor/Data/MonoBleedingEdge/etc'
Using monoOptions --debugger-agent=transport=dt_socket,embedding=1,server=y,suspend=n,address=127.0.0.1:56316
Begin MonoManager ReloadAssembly
Registering precompiled unity dll's ...
Register platform support module: D:/Program Files/Unity/Hub/Editor/2021.3.32f1/Editor/Data/PlaybackEngines/WebGLSupport/UnityEditor.WebGL.Extensions.dll
Register platform support module: D:/Program Files/Unity/Hub/Editor/2021.3.32f1/Editor/Data/PlaybackEngines/WindowsStandaloneSupport/UnityEditor.WindowsStandalone.Extensions.dll
Registered in 0.003559 seconds.
Native extension for WindowsStandalone target not found
Native extension for WebGL target not found
Refreshing native plugins compatible for Editor in 214.88 ms, found 4 plugins.
Preloading 0 native plugins for Editor in 0.00 ms.
Mono: successfully reloaded assembly
- Completed reload, in  1.030 seconds
Domain Reload Profiling:
	ReloadAssembly (1030ms)
		BeginReloadAssembly (128ms)
			ExecutionOrderSort (0ms)
			DisableScriptedObjects (0ms)
			BackupInstance (0ms)
			ReleaseScriptingObjects (0ms)
			CreateAndSetChildDomain (1ms)
		EndReloadAssembly (784ms)
			LoadAssemblies (126ms)
			RebuildTransferFunctionScriptingTraits (0ms)
			SetupTypeCache (147ms)
			ReleaseScriptCaches (0ms)
			RebuildScriptCaches (42ms)
			SetupLoadedEditorAssemblies (543ms)
				LogAssemblyErrors (0ms)
				InitializePlatformSupportModulesInManaged (11ms)
				SetLoadedEditorAssemblies (0ms)
				RefreshPlugins (215ms)
				BeforeProcessingInitializeOnLoad (2ms)
				ProcessInitializeOnLoadAttributes (223ms)
				ProcessInitializeOnLoadMethodAttributes (90ms)
				AfterProcessingInitializeOnLoad (0ms)
				EditorAssembliesLoaded (0ms)
			ExecutionOrderSort2 (0ms)
			AwakeInstancesAfterBackupRestoration (0ms)
Platform modules already initialized, skipping
Registering precompiled user dll's ...
Registered in 0.011218 seconds.
Begin MonoManager ReloadAssembly
Native extension for WindowsStandalone target not found
Native extension for WebGL target not found
Refreshing native plugins compatible for Editor in 132.72 ms, found 4 plugins.
Preloading 0 native plugins for Editor in 0.00 ms.
Package Manager log level set to [2]
[Package Manager] Server::EnsureServerProcessIsRunning -- launch failed, reason: Unity was launched with the -noUpm command-line argument
[Package Manager] Cannot connect to Unity Package Manager local server
Mono: successfully reloaded assembly
- Completed reload, in  2.493 seconds
Domain Reload Profiling:
	ReloadAssembly (2494ms)
		BeginReloadAssembly (167ms)
			ExecutionOrderSort (0ms)
			DisableScriptedObjects (9ms)
			BackupInstance (0ms)
			ReleaseScriptingObjects (0ms)
			CreateAndSetChildDomain (24ms)
		EndReloadAssembly (2195ms)
			LoadAssemblies (133ms)
			RebuildTransferFunctionScriptingTraits (0ms)
			SetupTypeCache (385ms)
			ReleaseScriptCaches (1ms)
			RebuildScriptCaches (93ms)
			SetupLoadedEditorAssemblies (1555ms)
				LogAssemblyErrors (0ms)
				InitializePlatformSupportModulesInManaged (6ms)
				SetLoadedEditorAssemblies (0ms)
				RefreshPlugins (133ms)
				BeforeProcessingInitializeOnLoad (130ms)
				ProcessInitializeOnLoadAttributes (1203ms)
				ProcessInitializeOnLoadMethodAttributes (78ms)
				AfterProcessingInitializeOnLoad (4ms)
				EditorAssembliesLoaded (0ms)
			ExecutionOrderSort2 (0ms)
			AwakeInstancesAfterBackupRestoration (8ms)
Platform modules already initialized, skipping
========================================================================
Worker process is ready to serve import requests
Launched and connected shader compiler UnityShaderCompiler.exe after 0.07 seconds
Refreshing native plugins compatible for Editor in 0.98 ms, found 4 plugins.
Preloading 0 native plugins for Editor in 0.00 ms.
Unloading 4403 Unused Serialized files (Serialized files now loaded: 0)
Unloading 64 unused Assets / (119.6 KB). Loaded Objects now: 4850.
Memory consumption went from 166.5 MB to 166.3 MB.
Total: 5.650200 ms (FindLiveObjects: 0.447100 ms CreateObjectMapping: 0.464600 ms MarkObjects: 4.611300 ms  DeleteObjects: 0.126000 ms)

AssetImportParameters requested are different than current active one (requested -> active):
  custom:video-decoder-ogg-theora: a1e56fd34408186e4bbccfd4996cb3dc -> 
  custom:container-muxer-webm: aa71ff27fc2769a1b78a27578f13a17b -> 
  custom:container-demuxer-webm: 4f35f7cbe854078d1ac9338744f61a02 -> 
  custom:video-encoder-webm-vp8: eb34c28f22e8b96e1ab97ce403110664 -> 
  custom:video-codec-MediaFoundation-h265: 746d11721c4dcdbdad8f713fa42b33f4 -> 
  custom:audio-encoder-webm-vorbis: bf7c407c2cedff20999df2af8eb42d56 -> 
  custom:framework-win-MediaFoundation: 216162199b28c13a410421893ffa2e32 -> 
  custom:container-demuxer-ogg: 62fdf1f143b41e24485cea50d1cbac27 -> 
  custom:video-decoder-webm-vp8: 9c59270c3fd7afecdb556c50c9e8de78 -> 
  custom:audio-decoder-ogg-vorbis: bf7c407c2cedff20999df2af8eb42d56 -> 
========================================================================
Received Prepare
Refreshing native plugins compatible for Editor in 7.21 ms, found 4 plugins.
Preloading 0 native plugins for Editor in 0.00 ms.
Unloading 36 Unused Serialized files (Serialized files now loaded: 0)
Unloading 36 unused Assets / (92.6 KB). Loaded Objects now: 4850.
Memory consumption went from 77.7 MB to 77.6 MB.
Total: 8.790200 ms (FindLiveObjects: 0.479900 ms CreateObjectMapping: 0.450900 ms MarkObjects: 7.673300 ms  DeleteObjects: 0.183600 ms)

AssetImportParameters requested are different than current active one (requested -> active):
  custom:video-decoder-ogg-theora: a1e56fd34408186e4bbccfd4996cb3dc -> 
  custom:container-muxer-webm: aa71ff27fc2769a1b78a27578f13a17b -> 
  custom:container-demuxer-webm: 4f35f7cbe854078d1ac9338744f61a02 -> 
  custom:video-encoder-webm-vp8: eb34c28f22e8b96e1ab97ce403110664 -> 
  custom:video-codec-MediaFoundation-h265: 746d11721c4dcdbdad8f713fa42b33f4 -> 
  custom:CustomObjectIndexerAttribute: bc11b3a6c3213fcdd17b65e7da85e133 -> 
  custom:audio-encoder-webm-vorbis: bf7c407c2cedff20999df2af8eb42d56 -> 
  custom:framework-win-MediaFoundation: 216162199b28c13a410421893ffa2e32 -> 
  custom:SearchIndexIgnoredProperties: e643bd26f0fe6173181afceb89e7c659 -> 
  custom:container-demuxer-ogg: 62fdf1f143b41e24485cea50d1cbac27 -> 
  custom:video-decoder-webm-vp8: 9c59270c3fd7afecdb556c50c9e8de78 -> 
  custom:audio-decoder-ogg-vorbis: bf7c407c2cedff20999df2af8eb42d56 -> 
========================================================================
Received Import Request.
  Time since last request: 2383.457483 seconds.
  path: ProjectSettings/TagManager.asset
  artifactKey: Guid(00000000000000003000000000000000) Importer(815301076,1909f56bfc062723c751e8b465ee728b)
Number of updated assets reloaded before import = 0
Start importing ProjectSettings/TagManager.asset using Guid(00000000000000003000000000000000) Importer(815301076,1909f56bfc062723c751e8b465ee728b)  -> (artifact id: 'ab22e8d2233c3b0d6c6a1730cfd6ba03') in 0.084038 seconds 
Number of asset objects unloaded after import = 0
========================================================================
Received Import Request.
  Time since last request: 85.626462 seconds.
  path: Assets/Sprites/Ground.prefab
  artifactKey: Guid(85f0578fed4b32549a3062a8666cafc1) Importer(815301076,1909f56bfc062723c751e8b465ee728b)
Number of updated assets reloaded before import = 0
Start importing Assets/Sprites/Ground.prefab using Guid(85f0578fed4b32549a3062a8666cafc1) Importer(815301076,1909f56bfc062723c751e8b465ee728b)  -> (artifact id: 'ed9db94f3ab6b40c7eedefdc541f7f31') in 0.840126 seconds 
Number of asset objects unloaded after import = 201
========================================================================
Received Import Request.
  Time since last request: 225.578317 seconds.
  path: Assets/Sprites/tileset.png
  artifactKey: Guid(537e4c3dc13cb0245ba62c73abeca3d8) Importer(815301076,1909f56bfc062723c751e8b465ee728b)
Number of updated assets reloaded before import = 0
Start importing Assets/Sprites/tileset.png using Guid(537e4c3dc13cb0245ba62c73abeca3d8) Importer(815301076,1909f56bfc062723c751e8b465ee728b)  -> (artifact id: '78905a6f2fa33df119f7d3912de558e0') in 0.258203 seconds 
Number of asset objects unloaded after import = 95
========================================================================
Received Import Request.
  Time since last request: 223.323508 seconds.
  path: Assets/Sprites/tileset.png
  artifactKey: Guid(537e4c3dc13cb0245ba62c73abeca3d8) Importer(815301076,1909f56bfc062723c751e8b465ee728b)
Number of updated assets reloaded before import = 0
Start importing Assets/Sprites/tileset.png using Guid(537e4c3dc13cb0245ba62c73abeca3d8) Importer(815301076,1909f56bfc062723c751e8b465ee728b)  -> (artifact id: '8d3eef1ef64cb61a59484adaa4af8adb') in 0.241472 seconds 
Number of asset objects unloaded after import = 95
========================================================================
Received Import Request.
  Time since last request: 300.075048 seconds.
  path: Assets/Sprites/tileset.png
  artifactKey: Guid(537e4c3dc13cb0245ba62c73abeca3d8) Importer(815301076,1909f56bfc062723c751e8b465ee728b)
Number of updated assets reloaded before import = 0
Start importing Assets/Sprites/tileset.png using Guid(537e4c3dc13cb0245ba62c73abeca3d8) Importer(815301076,1909f56bfc062723c751e8b465ee728b)  -> (artifact id: '0d65df3204e7e564c048621ad97ba0b8') in 0.221392 seconds 
Number of asset objects unloaded after import = 95
========================================================================
Received Import Request.
  Time since last request: 394.442432 seconds.
  path: Assets/Sprites/tileset.png
  artifactKey: Guid(537e4c3dc13cb0245ba62c73abeca3d8) Importer(815301076,1909f56bfc062723c751e8b465ee728b)
Number of updated assets reloaded before import = 0
Start importing Assets/Sprites/tileset.png using Guid(537e4c3dc13cb0245ba62c73abeca3d8) Importer(815301076,1909f56bfc062723c751e8b465ee728b)  -> (artifact id: 'd98c8ac08ec675f2dab5987fed6c5b6f') in 0.226032 seconds 
Number of asset objects unloaded after import = 95
========================================================================
Received Import Request.
  Time since last request: 503.843102 seconds.
  path: Assets/Sprites/tileset.png
  artifactKey: Guid(537e4c3dc13cb0245ba62c73abeca3d8) Importer(815301076,1909f56bfc062723c751e8b465ee728b)
Number of updated assets reloaded before import = 0
Start importing Assets/Sprites/tileset.png using Guid(537e4c3dc13cb0245ba62c73abeca3d8) Importer(815301076,1909f56bfc062723c751e8b465ee728b)  -> (artifact id: 'df8a76176e4dd42bb929b81651e86506') in 0.277944 seconds 
Number of asset objects unloaded after import = 95
========================================================================
Received Import Request.
  Time since last request: 161.493776 seconds.
  path: Assets/Sprites/tileset.png
  artifactKey: Guid(537e4c3dc13cb0245ba62c73abeca3d8) Importer(815301076,1909f56bfc062723c751e8b465ee728b)
Number of updated assets reloaded before import = 0
Start importing Assets/Sprites/tileset.png using Guid(537e4c3dc13cb0245ba62c73abeca3d8) Importer(815301076,1909f56bfc062723c751e8b465ee728b)  -> (artifact id: '66cc022afa60490c3e6a0c6507f973a0') in 0.286227 seconds 
Number of asset objects unloaded after import = 95
========================================================================
Received Import Request.
  Time since last request: 578.866771 seconds.
  path: Assets/Sprites/tileset.png
  artifactKey: Guid(537e4c3dc13cb0245ba62c73abeca3d8) Importer(815301076,1909f56bfc062723c751e8b465ee728b)
Number of updated assets reloaded before import = 0
Start importing Assets/Sprites/tileset.png using Guid(537e4c3dc13cb0245ba62c73abeca3d8) Importer(815301076,1909f56bfc062723c751e8b465ee728b)  -> (artifact id: 'c44869d6cc9edd1aea6df8201d17f9cc') in 0.247560 seconds 
Number of asset objects unloaded after import = 95
========================================================================
Received Import Request.
  Time since last request: 118.712535 seconds.
  path: Assets/Sprites/Rule Tiles/Dirt Rule Tile.asset
  artifactKey: Guid(7691f9dcda728d4419c4513ca604c710) Importer(815301076,1909f56bfc062723c751e8b465ee728b)
Number of updated assets reloaded before import = 0
Start importing Assets/Sprites/Rule Tiles/Dirt Rule Tile.asset using Guid(7691f9dcda728d4419c4513ca604c710) Importer(815301076,1909f56bfc062723c751e8b465ee728b)  -> (artifact id: 'fbcc8c94eee96f692bc61187f01dc0ab') in 0.050389 seconds 
Number of asset objects unloaded after import = 9
========================================================================
Received Import Request.
  Time since last request: 0.000025 seconds.
  path: Assets/Sprites/Rule Tiles/Spike Rule Tile.asset
  artifactKey: Guid(64ee9b7c0d49e7949882fa947f26cefd) Importer(815301076,1909f56bfc062723c751e8b465ee728b)
Number of updated assets reloaded before import = 0
Start importing Assets/Sprites/Rule Tiles/Spike Rule Tile.asset using Guid(64ee9b7c0d49e7949882fa947f26cefd) Importer(815301076,1909f56bfc062723c751e8b465ee728b)  -> (artifact id: '838fd3d5a9b7c5e6d1e7f95e1cac4a94') in 0.017303 seconds 
Number of asset objects unloaded after import = 6
========================================================================
Received Import Request.
  Time since last request: 516.201521 seconds.
  path: Assets/Sprites/Rule Tiles/Grass Rule Tile.asset
  artifactKey: Guid(34854cced261d9d46ad542b0990ca36c) Importer(815301076,1909f56bfc062723c751e8b465ee728b)
Number of updated assets reloaded before import = 0
Start importing Assets/Sprites/Rule Tiles/Grass Rule Tile.asset using Guid(34854cced261d9d46ad542b0990ca36c) Importer(815301076,1909f56bfc062723c751e8b465ee728b)  -> (artifact id: 'b02954f5d0adf0ae17351d0c11787412') in 0.018820 seconds 
Number of asset objects unloaded after import = 8
========================================================================
Received Import Request.
  Time since last request: 1233.413082 seconds.
  path: Assets/Sprites/Ground.prefab
  artifactKey: Guid(85f0578fed4b32549a3062a8666cafc1) Importer(815301076,1909f56bfc062723c751e8b465ee728b)
Number of updated assets reloaded before import = 0
Start importing Assets/Sprites/Ground.prefab using Guid(85f0578fed4b32549a3062a8666cafc1) Importer(815301076,1909f56bfc062723c751e8b465ee728b)  -> (artifact id: '660b93df702eaa8eab5a765b3695bc2a') in 0.549228 seconds 
Number of asset objects unloaded after import = 201
========================================================================
Received Import Request.
  Time since last request: 27.910929 seconds.
  path: Assets/Sprites/tileset.png
  artifactKey: Guid(537e4c3dc13cb0245ba62c73abeca3d8) Importer(815301076,1909f56bfc062723c751e8b465ee728b)
Number of updated assets reloaded before import = 0
Start importing Assets/Sprites/tileset.png using Guid(537e4c3dc13cb0245ba62c73abeca3d8) Importer(815301076,1909f56bfc062723c751e8b465ee728b)  -> (artifact id: 'ffcfb137ba24de230e288ed75ba552ec') in 0.169696 seconds 
Number of asset objects unloaded after import = 95
========================================================================
Received Import Request.
  Time since last request: 58.524149 seconds.
  path: Assets/Sprites/tileset.png
  artifactKey: Guid(537e4c3dc13cb0245ba62c73abeca3d8) Importer(815301076,1909f56bfc062723c751e8b465ee728b)
Number of updated assets reloaded before import = 0
Start importing Assets/Sprites/tileset.png using Guid(537e4c3dc13cb0245ba62c73abeca3d8) Importer(815301076,1909f56bfc062723c751e8b465ee728b)  -> (artifact id: 'f86fa6d5504a5dfd50d4f2e8cdb03225') in 0.182174 seconds 
Number of asset objects unloaded after import = 95
